<?xml version="1.0" encoding="UTF-8"?>
<testsuite xmlns:xsi="http://www.w3.org/2001/XMLSchema-instance" xsi:noNamespaceSchemaLocation="https://maven.apache.org/surefire/maven-surefire-plugin/xsd/surefire-test-report-3.0.xsd" version="3.0" name="TestSuite" time="13.017" tests="4" errors="0" skipped="0" failures="0">
  <properties>
[...]
</properties>
  <testcase name="Valid_GET_all_cities_Lookups_Rq_TC" classname="SteeringCompanyAPI_TestCases.Test_Lookups_Cases" time="6.769">
    <system-out><![CDATA[
################################################################################################################################################
Detected SHAFT Engine Version: "SHAFT Engine v6.4.20220906-BETA"
################################################################################################################################################
[ReportManager] getPreserveOrder: true @12-10-2022 16:10:51.0728 PM
[ReportManager] getDataProviderThreadCount: 1 @12-10-2022 16:10:51.0732 PM
[ReportManager] getThreadCount: 1 @12-10-2022 16:10:51.0732 PM
[ReportManager] getVerbose: 1 @12-10-2022 16:10:51.0732 PM
[ReportManager] getGroupByInstances: true @12-10-2022 16:10:51.0733 PM
[ReportManager] getParallel: none @12-10-2022 16:10:51.0733 PM

################################################################################################################################################
Starting Execution of a Configuration (Setup or Teardown) Method
Test Method:		"com.shaft.tools.io.LogsHelper.setupActivities"
################################################################################################################################################

################################################################################################################################################
Starting Execution of a Configuration (Setup or Teardown) Method
Test Method:		"SteeringCompanyAPI_TestCases.Test_Lookups_Cases.perparedata"
################################################################################################################################################
[ReportManager] Loaded Test Data: "src/test/resources/testDataFiles/SteeringCompanyAPI_TestData/SteeringCompanyAPI_TestData.xlsx". @12-10-2022 16:10:53.0411 PM

################################################################################################################################################
Starting Execution:	"1 out of 4" test cases in the current suite
Test Method:		"SteeringCompanyAPI_TestCases.Test_Lookups_Cases.Valid_GET_all_cities_Lookups_Rq_TC"
Test Description:	"TC001 - Peform Get all cities API with valid user name and password and retun with token"
################################################################################################################################################
[ReportManager] Loaded Test Data: "src/test/resources/testDataFiles/SteeringCompanyAPI_TestData/SteeringCompanyAPI_TestData.xlsx". @12-10-2022 16:10:53.0547 PM
[ReportManager] Assertion Passed: Evaluating the actual response status code against the expected one... @12-10-2022 16:10:56.0235 PM
[ReportManager] Perform request "POST | Target Status Code: 200 | Service URL: https://auth-demo.np.transporticonline.com/auth/realms/tic/protocol/openid-connect/token | Content Type: application/x-www-form-urlencoded | Response Time: 1357ms". @12-10-2022 16:10:57.0027 PM
[ReportManager] Assertion Passed: Check Response Status Code is 200 and it is valid. @12-10-2022 16:10:57.0202 PM
[ReportManager] Assertion Passed: Evaluating the actual response status code against the expected one... @12-10-2022 16:10:58.0225 PM
[ReportManager] Perform request "GET | Target Status Code: 200 | Service URL: https://api-demo.np.transporticonline.com/steeringcompanies/v1/lookups/cities | Content Type: */* | Response Time: 994ms". @12-10-2022 16:10:59.0051 PM
[ReportManager] Assertion Passed: "200" is equal to "200". @12-10-2022 16:10:59.0062 PM
[ReportManager] Verification Passed: "994" is greater than or equal to "1.1". @12-10-2022 16:10:59.0063 PM
[ReportManager] Verification Passed: "994" is less than or equal to "10000". @12-10-2022 16:10:59.0064 PM
[ReportManager] Assertion Passed: "{"page":0,"size":2147483647,"totalPages":1,"totalElements":704,"content":[{"id":1071,"nameArabic":"مطار دنيزلي كارداك","nameEnglish":"Denizli Cardak Airport","isActive":true,"lastUpdated":"2022-06-02T00:13:35Z","sectors":null},{"id":390021162,"nameArabic":"براتو","nameEnglish":"PRATO","isActive":true,"lastUpdated":"2022-06-02T00:13:44Z","sectors":null},{"id":36,"nameArabic":"كوالالمبور","nameEnglish":"Kuala Lumpur","isActive":true,"lastUpdated":"2022-06-02T01:21:49Z","sectors":null},{"id":926,"nameArabic":"قابس","nameEnglish":"GABES","isActive":true,"lastUpdated":"2022-06-02T00:14:15Z","sectors":null},{"id":849,"nameArabic":"سولنجين","nameEnglish":"Solngen","isActive":true,"lastUpdated":"2022-06-02T01:37:02Z","sectors":null},{"id":753,"nameArabic":"سيبا","nameEnglish":"Ciba","isActive":true,"lastUpdated":"2022-06-02T00:43:05Z","sectors":null},{"id":72,"nameArabic":"طرابلس","nameEnglish":"Tripoli","isActive":true,"lastUpdated":"2022-06-02T00:19:40Z","sectors":null},{"id":1006,"nameArabic":"بشكشكي","nameEnglish":"FRUNZE","isActive":true,"lastUpdated":"2022-06-02T00:20:05Z","sectors":null},{"id":985,"nameArabic":"قندهار","nameEnglish":"KANDAHAR","isActive":true,"lastUpdated":"2022-06-02T00:25:20Z","sectors":null},{"id":736,"nameArabic":"طبركا","nameEnglish":"Tabrka","isActive":true,"lastUpdated":"2022-06-02T01:16:50Z","sectors":null},{"id":953,"nameArabic":"سوهاج","nameEnglish":"Sohag","isActive":true,"lastUpdated":"2022-06-02T00:25:24Z","sectors":null},{"id":816,"nameArabic":"كوتشين","nameEnglish":"Cochin","isActive":true,"lastUpdated":"2022-06-02T01:06:13Z","sectors":null},{"id":789,"nameArabic":"فيصل اباد","nameEnglish":"Faisalabad","isActive":true,"lastUpdated":"2022-06-02T01:27:12Z","sectors":null},{"id":1013,"nameArabic":"كازان","nameEnglish":"KAZAN","isActive":true,"lastUpdated":"2022-06-02T00:37:19Z","sectors":null},{"id":794,"nameArabic":"كايسيري","nameEnglish":"KAYSERI","isActive":true,"lastUpdated":"2022-06-02T01:21:58Z","sectors":null},{"id":764,"nameArabic":"طنجه","nameEnglish":"Tangier","isActive":true,"lastUpdated":"2022-06-02T01:27:13Z","sectors":null},{"id":780,"nameArabic":"شهيراز","nameEnglish":"Shahyraz","isActive":true,"lastUpdated":"2022-06-02T00:37:28Z","sectors":null},{"id":712,"nameArabic":"طشقند","nameEnglish":"Tashkent","isActive":true,"lastUpdated":"2022-06-02T01:27:13Z","sectors":null},{"id":824,"nameArabic":"سمكرند","nameEnglish":"Samarqand","isActive":true,"lastUpdated":"2022-06-02T00:37:28Z","sectors":null},{"id":993,"nameArabic":"كرابي","nameEnglish":"KRBI","isActive":true,"lastUpdated":"2022-06-02T01:22:03Z","sectors":null},{"id":820,"nameArabic":"كاليكوت","nameEnglish":"CALICUT","isActive":true,"lastUpdated":"2022-06-02T01:27:21Z","sectors":null},{"id":91,"nameArabic":"كانو","nameEnglish":"KANO","isActive":true,"lastUpdated":"2022-06-02T01:22:03Z","sectors":null},{"id":125,"nameArabic":"كابل","nameEnglish":"Kabul","isActive":true,"lastUpdated":"2022-06-02T00:42:58Z","sectors":null},{"id":34,"nameArabic":"فيينا","nameEnglish":"Vienna","isActive":true,"lastUpdated":"2022-06-02T00:42:59Z","sectors":null},{"id":67,"nameArabic":"صنعاء","nameEnglish":"Sanaa","isActive":true,"lastUpdated":"2022-06-02T00:55:27Z","sectors":null},{"id":836,"nameArabic":"غاروا","nameEnglish":"GAROUA","isActive":true,"lastUpdated":"2022-06-02T01:06:13Z","sectors":null},{"id":735,"nameArabic":"صفاقس","nameEnglish":"Sfax","isActive":true,"lastUpdated":"2022-06-02T00:43:00Z","sectors":null},{"id":942,"nameArabic":"فريتاون","nameEnglish":"FREETOWN","isActive":true,"lastUpdated":"2022-06-02T00:43:35Z","sectors":null},{"id":777,"nameArabic":"كرمان","nameEnglish":"Kerman","isActive":true,"lastUpdated":"2022-06-02T00:50:06Z","sectors":null},{"id":1034,"nameArabic":"غروزني","nameEnglish":"Grozny","isActive":true,"lastUpdated":"2022-06-02T01:22:03Z","sectors":null},{"id":1049,"nameArabic":"شتوروكس","nameEnglish":"CHATEAUROUX","isActive":true,"lastUpdated":"2022-06-02T00:50:07Z","sectors":null},{"id":1042,"nameArabic":"كليتون","nameEnglish":"Clayton","isActive":true,"lastUpdated":"2022-06-02T01:06:13Z","sectors":null},{"id":809,"nameArabic":"كوتشينج","nameEnglish":"Kuching","isActive":true,"lastUpdated":"2022-06-02T01:12:09Z","sectors":null},{"id":1026,"nameArabic":"سيلهت أوسماني","nameEnglish":"SYLHET OSMANI","isActive":true,"lastUpdated":"2022-06-02T00:50:08Z","sectors":null},{"id":1081,"nameArabic":"سواكن","nameEnglish":"Swaken","isActive":true,"lastUpdated":"2022-06-02T01:27:14Z","sectors":null},{"id":982,"nameArabic":"سليمانية","nameEnglish":"SULAYMANIAH","isActive":true,"lastUpdated":"2022-06-02T01:27:15Z","sectors":null},{"id":939,"nameArabic":"شرم الشيخ","nameEnglish":"SHARM EL SHEIK","isActive":true,"lastUpdated":"2022-06-02T01:29:18Z","sectors":null},{"id":713,"nameArabic":"عشق اباد","nameEnglish":"Ashgabat","isActive":true,"lastUpdated":"2022-06-02T01:32:36Z","sectors":null},{"id":7,"nameArabic":"عمان","nameEnglish":"Amman","isActive":true,"lastUpdated":"2022-06-02T01:32:36Z","sectors":null},{"id":965,"nameArabic":"شيفاش","nameEnglish":"SIVAS","isActive":true,"lastUpdated":"2022-06-02T01:32:36Z","sectors":null},{"id":1037,"nameArabic":"فلاديقوقاز","nameEnglish":"Vladikavkaz","isActive":true,"lastUpdated":"2022-06-02T01:01:06Z","sectors":null},{"id":770,"nameArabic":"سورابايا","nameEnglish":"Surabaya","isActive":true,"lastUpdated":"2022-06-02T01:32:36Z","sectors":null},{"id":850,"nameArabic":"فرانكفورت","nameEnglish":"Frankfort","isActive":true,"lastUpdated":"2022-06-02T01:01:06Z","sectors":null},{"id":8,"nameArabic":"سيىول","nameEnglish":"Seoul","isActive":true,"lastUpdated":"2022-06-02T01:01:06Z","sectors":null},{"id":62,"nameArabic":"عدن","nameEnglish":"Aden","isActive":true,"lastUpdated":"2022-06-02T01:32:38Z","sectors":null},{"id":79,"nameArabic":"سنغافوره","nameEnglish":"sengafora","isActive":true,"lastUpdated":"2022-06-02T01:33:12Z","sectors":null},{"id":845,"nameArabic":"سيمونكنج","nameEnglish":"SEMONGKONG","isActive":true,"lastUpdated":"2022-06-02T01:01:07Z","sectors":null},{"id":799,"nameArabic":"غازيانتيب","nameEnglish":"GAZIANTEP","isActive":true,"lastUpdated":"2022-06-02T01:16:50Z","sectors":null},{"id":15,"nameArabic":"طوكيو","nameEnglish":"Tokyo","isActive":true,"lastUpdated":"2022-06-02T01:16:50Z","sectors":null},{"id":765,"nameArabic":"كازابلانكا","nameEnglish":"Casablanca","isActive":true,"lastUpdated":"2022-06-02T01:16:52Z","sectors":null},{"id":1010,"nameArabic":"سوشي","nameEnglish":"SOCHI","isActive":true,"lastUpdated":"2022-06-02T01:16:52Z","sectors":null},{"id":752,"nameArabic":"طبرك","nameEnglish":"Tbarak","isActive":true,"lastUpdated":"2022-06-02T01:16:52Z","sectors":null},{"id":883,"nameArabic":"سانتيقو","nameEnglish":"SANTIAGO","isActive":true,"lastUpdated":"2022-06-02T00:14:05Z","sectors":null},{"id":743,"nameArabic":"وهدان","nameEnglish":"Wahdan","isActive":true,"lastUpdated":"2022-06-02T00:16:27Z","sectors":null},{"id":874,"nameArabic":"سفاجة","nameEnglish":"SAFAJAH","isActive":true,"lastUpdated":"2022-06-02T01:18:55Z","sectors":null},{"id":711,"nameArabic":"سراييفو","nameEnglish":"Sarajevo","isActive":true,"lastUpdated":"2022-06-02T01:18:55Z","sectors":null},{"id":958,"nameArabic":"ستراسبورغ","nameEnglish":"STRASBOURG","isActive":true,"lastUpdated":"2022-06-02T00:19:40Z","sectors":null},{"id":886,"nameArabic":"حراري","nameEnglish":"Harare","isActive":true,"lastUpdated":"2022-06-02T01:22:14Z","sectors":null},{"id":983,"nameArabic":"دمـشـق","nameEnglish":"DAMASCUS","isActive":true,"lastUpdated":null,"sectors":null},{"id":1060,"nameArabic":"دراشتين","nameEnglish":"DRACHTEN","isActive":true,"lastUpdated":"2022-06-02T00:19:41Z","sectors":null},{"id":1057,"nameArabic":"جاكرتا","nameEnglish":"JAKARTA","isActive":true,"lastUpdated":"2022-06-02T00:19:41Z","sectors":null},{"id":975,"nameArabic":"روما","nameEnglish":"ROMA C.A.","isActive":true,"lastUpdated":"2022-06-02T01:26:50Z","sectors":null},{"id":390021122,"nameArabic":"هيليسينكور","nameEnglish":"HELSINGOR","isActive":true,"lastUpdated":"2022-06-02T00:19:44Z","sectors":null},{"id":834,"nameArabic":"دوالا","nameEnglish":"DOUALA","isActive":true,"lastUpdated":"2022-06-02T00:24:56Z","sectors":null},{"id":32,"nameArabic":"تايبيه","nameEnglish":"taybeh","isActive":true,"lastUpdated":"2022-06-02T01:26:51Z","sectors":null},{"id":855,"nameArabic":"ستوتجارت","nameEnglish":"Stuttgart","isActive":true,"lastUpdated":"2022-06-02T01:37:49Z","sectors":null},{"id":782,"nameArabic":"زهدان","nameEnglish":"Zahedan","isActive":true,"lastUpdated":"2022-06-02T00:31:02Z","sectors":null},{"id":1047,"nameArabic":"جوتيبورغ","nameEnglish":"GOTEBORG","isActive":true,"lastUpdated":"2022-06-02T01:22:05Z","sectors":null},{"id":848,"nameArabic":"دوسلفورت","nameEnglish":"Dusseldorf","isActive":true,"lastUpdated":"2022-06-02T00:25:27Z","sectors":null},{"id":961,"nameArabic":"سانتا فيه","nameEnglish":"SANTA FEE","isActive":true,"lastUpdated":"2022-06-02T01:32:30Z","sectors":null},{"id":796,"nameArabic":"ديار بكر","nameEnglish":"Diyarbakir","isActive":true,"lastUpdated":"2022-06-02T00:31:03Z","sectors":null},{"id":825,"nameArabic":"دوشنبه","nameEnglish":"DUSHANBE","isActive":true,"lastUpdated":"2022-06-02T00:31:03Z","sectors":null},{"id":1017,"nameArabic":"جوا","nameEnglish":"GOA","isActive":true,"lastUpdated":"2022-06-02T01:37:49Z","sectors":null},{"id":944,"nameArabic":"تيدجكيجا","nameEnglish":"TIDJIKJA","isActive":true,"lastUpdated":"2022-06-02T00:31:14Z","sectors":null},{"id":977,"nameArabic":"راس الخيمة","nameEnglish":"RAS AL KHAIMAH","isActive":true,"lastUpdated":"2022-06-02T01:32:30Z","sectors":null},{"id":843,"nameArabic":"سكوتو","nameEnglish":"SOKOTO","isActive":true,"lastUpdated":"2022-06-02T01:37:02Z","sectors":null},{"id":27,"nameArabic":"روما","nameEnglish":"Rome","isActive":true,"lastUpdated":"2022-06-02T01:37:02Z","sectors":null},{"id":817,"nameArabic":"حيدر اباد","nameEnglish":"Hyderabad","isActive":true,"lastUpdated":"2022-06-02T01:37:04Z","sectors":null},{"id":984,"nameArabic":"ســيول","nameEnglish":"SEOUL","isActive":true,"lastUpdated":"2022-06-02T00:37:29Z","sectors":null},{"id":974,"nameArabic":"جنوة","nameEnglish":"GENOVA","isActive":true,"lastUpdated":"2022-06-02T00:37:42Z","sectors":null},{"id":808,"nameArabic":"جوهاربارو","nameEnglish":"Joharparo","isActive":true,"lastUpdated":"2022-06-02T01:11:55Z","sectors":null},{"id":781,"nameArabic":"تبريز","nameEnglish":"Tabriz","isActive":true,"lastUpdated":"2022-06-02T01:37:50Z","sectors":null},{"id":1079,"nameArabic":"دبي وورلد سنترال","nameEnglish":"Dubai World Central","isActive":true,"lastUpdated":"2022-06-02T00:35:02Z","sectors":null},{"id":1075,"nameArabic":"تارب","nameEnglish":"Tarbes ","isActive":true,"lastUpdated":"2022-06-02T01:31:16Z","sectors":null},{"id":864,"nameArabic":"زاباتوكا","nameEnglish":"Zapatoka","isActive":true,"lastUpdated":"2022-06-02T00:49:36Z","sectors":null},{"id":1099,"nameArabic":"بارسو داجات","nameEnglish":"Barstow Daggett","isActive":true,"lastUpdated":"2022-06-02T01:03:22Z","sectors":null},{"id":870,"nameArabic":"جزر كان","nameEnglish":"Can island","isActive":true,"lastUpdated":"2022-06-02T00:49:37Z","sectors":null},{"id":1023,"nameArabic":"جايا","nameEnglish":"GAYA","isActive":true,"lastUpdated":"2022-06-02T00:49:38Z","sectors":null},{"id":727,"nameArabic":"حلب","nameEnglish":"Hlab","isActive":true,"lastUpdated":"2022-06-02T01:37:04Z","sectors":null},{"id":826,"nameArabic":"زنجبار","nameEnglish":"Zanzibar","isActive":true,"lastUpdated":"2022-06-02T00:55:28Z","sectors":null},{"id":1055,"nameArabic":"زغرب","nameEnglish":"ZAGREB","isActive":true,"lastUpdated":"2022-06-02T00:55:28Z","sectors":null},{"id":803,"nameArabic":"سامسون","nameEnglish":"SAMSUN","isActive":true,"lastUpdated":"2022-06-02T01:01:07Z","sectors":null},{"id":962,"nameArabic":"روما","nameEnglish":"ROMA L.D.F.A.","isActive":true,"lastUpdated":"2022-06-02T00:55:28Z","sectors":null},{"id":65,"nameArabic":"جيبوتي","nameEnglish":"Djibouti","isActive":true,"lastUpdated":"2022-06-02T01:01:10Z","sectors":null},{"id":126,"nameArabic":"جوهانسبرج","nameEnglish":"Johannesburg","isActive":true,"lastUpdated":"2022-06-02T01:01:19Z","sectors":null},{"id":1036,"nameArabic":"خوخند","nameEnglish":"Khujand","isActive":true,"lastUpdated":"2022-06-02T01:37:04Z","sectors":null},{"id":1024,"nameArabic":"رانشي","nameEnglish":"RANCHI","isActive":true,"lastUpdated":"2022-06-02T01:11:48Z","sectors":null},{"id":991,"nameArabic":"جرجان","nameEnglish":"GORGAN","isActive":true,"lastUpdated":"2022-06-02T01:16:45Z","sectors":null},{"id":797,"nameArabic":"دالامان","nameEnglish":"DALAMAN","isActive":true,"lastUpdated":"2022-06-02T01:32:31Z","sectors":null},{"id":876,"nameArabic":"دبلن","nameEnglish":"dublin","isActive":true,"lastUpdated":"2022-06-02T01:32:31Z","sectors":null},{"id":1069,"nameArabic":"تسيلينوكراد","nameEnglish":"TSELINOGRAD","isActive":true,"lastUpdated":"2022-06-02T01:32:31Z","sectors":null},{"id":58,"nameArabic":"دبي","nameEnglish":"Dubai","isActive":true,"lastUpdated":"2022-06-02T01:16:53Z","sectors":null},{"id":1032,"nameArabic":"خانيا","nameEnglish":"Chania","isActive":true,"lastUpdated":"2022-06-02T01:16:53Z","sectors":null},{"id":390021227,"nameArabic":"بدر","nameEnglish":"Bader","isActive":true,"lastUpdated":"2019-07-14T11:09:19Z","sectors":null},{"id":1014,"nameArabic":"يو اف أه","nameEnglish":"UFA","isActive":true,"lastUpdated":"2022-06-02T00:14:08Z","sectors":null},{"id":28,"nameArabic":"هيوستن","nameEnglish":"Huston","isActive":true,"lastUpdated":"2022-06-02T01:22:07Z","sectors":null},{"id":78,"nameArabic":"داكار","nameEnglish":"Dakar","isActive":true,"lastUpdated":"2022-06-02T01:19:35Z","sectors":null},{"id":1080,"nameArabic":"مطار لندن لوتون","nameEnglish":"London Luton Airport","isActive":true,"lastUpdated":"2022-06-02T00:17:38Z","sectors":null},{"id":1039,"nameArabic":"ياي","nameEnglish":"Yei","isActive":true,"lastUpdated":"2022-06-02T01:32:40Z","sectors":null},{"id":970,"nameArabic":"هتاي","nameEnglish":"HATAY","isActive":true,"lastUpdated":"2022-06-02T01:22:07Z","sectors":null},{"id":769,"nameArabic":"ميدان","nameEnglish":"medan","isActive":true,"lastUpdated":"2022-06-02T01:07:00Z","sectors":null},{"id":73,"nameArabic":"نيروبي","nameEnglish":"Nairobi","isActive":true,"lastUpdated":"2022-06-02T01:22:07Z","sectors":null},{"id":59,"nameArabic":"مسقط","nameEnglish":"Masqat","isActive":true,"lastUpdated":"2022-06-02T00:24:58Z","sectors":null},{"id":996,"nameArabic":"ناميلا","nameEnglish":"NAMLEA","isActive":true,"lastUpdated":"2022-06-02T01:14:20Z","sectors":null},{"id":1020,"nameArabic":"ناك بور","nameEnglish":"NAGPUR","isActive":true,"lastUpdated":"2022-06-02T01:22:08Z","sectors":null},{"id":867,"nameArabic":"هاتيي","nameEnglish":"HAT YAE","isActive":true,"lastUpdated":"2022-06-02T01:16:46Z","sectors":null},{"id":879,"nameArabic":"هانوي","nameEnglish":"HANOI","isActive":true,"lastUpdated":"2022-06-02T00:26:18Z","sectors":null},{"id":969,"nameArabic":"موس ","nameEnglish":"MUS","isActive":true,"lastUpdated":"2022-06-02T00:31:16Z","sectors":null},{"id":857,"nameArabic":"نايس","nameEnglish":"NICE","isActive":true,"lastUpdated":"2022-06-02T01:11:58Z","sectors":null},{"id":751,"nameArabic":"مسراته","nameEnglish":"Misrata","isActive":true,"lastUpdated":"2022-06-02T01:29:52Z","sectors":null},{"id":717,"nameArabic":"وارسو","nameEnglish":"Warsaw","isActive":true,"lastUpdated":"2022-06-02T00:37:31Z","sectors":null},{"id":1078,"nameArabic":"ميلاس-بودروم","nameEnglish":"Milas-Bodrum","isActive":true,"lastUpdated":"2022-06-02T00:35:01Z","sectors":null},{"id":1054,"nameArabic":"ميامي","nameEnglish":"MIAMI","isActive":true,"lastUpdated":"2022-06-02T01:22:24Z","sectors":null},{"id":1076,"nameArabic":"معتيقية","nameEnglish":"Mitiga","isActive":true,"lastUpdated":"2022-06-02T01:26:22Z","sectors":null},{"id":948,"nameArabic":"ميتز نانسي لورايني","nameEnglish":"METZ-NANCY-LORRAINE","isActive":true,"lastUpdated":"2022-06-02T01:26:51Z","sectors":null},{"id":992,"nameArabic":"منغالور","nameEnglish":"MANGALORE","isActive":true,"lastUpdated":"2022-06-02T01:26:51Z","sectors":null},{"id":762,"nameArabic":"ورزازات","nameEnglish":"Ouarzazate","isActive":true,"lastUpdated":"2022-06-02T01:37:04Z","sectors":null},{"id":954,"nameArabic":"مونبلييه","nameEnglish":"MONTPELLIER","isActive":true,"lastUpdated":"2022-06-02T00:37:32Z","sectors":null},{"id":1077,"nameArabic":"مطار موسكو الدولي","nameEnglish":"Vnukovo International Airport","isActive":true,"lastUpdated":"2022-06-02T01:31:16Z","sectors":null},{"id":851,"nameArabic":"هانوفر","nameEnglish":"Hanover","isActive":true,"lastUpdated":"2022-06-02T01:37:05Z","sectors":null},{"id":68,"nameArabic":"نيويورك","nameEnglish":"New York","isActive":true,"lastUpdated":"2022-06-02T01:37:06Z","sectors":null},{"id":802,"nameArabic":"نيفيشهر","nameEnglish":"NEVSHIR","isActive":true,"lastUpdated":"2022-06-02T01:37:06Z","sectors":null},{"id":853,"nameArabic":"ميونخ","nameEnglish":"Munich","isActive":true,"lastUpdated":"2022-06-02T01:01:41Z","sectors":null},{"id":2,"nameArabic":"ياوندي","nameEnglish":"Yaounde","isActive":true,"lastUpdated":"2022-07-25T22:29:49Z","sectors":null},{"id":1009,"nameArabic":"مينيرالني فودي","nameEnglish":"MINERALNYE VODY","isActive":true,"lastUpdated":"2022-06-02T01:37:07Z","sectors":null},{"id":1061,"nameArabic":"موباسا","nameEnglish":"MOMBASA","isActive":true,"lastUpdated":"2022-06-02T01:09:23Z","sectors":null},{"id":1062,"nameArabic":"موروني","nameEnglish":"MORONI","isActive":true,"lastUpdated":"2022-06-02T00:43:08Z","sectors":null},{"id":1073,"nameArabic":"مطار نيكوس كازانتزاكيس","nameEnglish":"Nikos Kazantzakis Airport","isActive":true,"lastUpdated":"2022-06-02T00:54:20Z","sectors":null},{"id":1066,"nameArabic":"ناراتيوات","nameEnglish":"NARATHIWAT","isActive":true,"lastUpdated":"2022-06-02T00:49:47Z","sectors":null},{"id":1041,"nameArabic":"مطار بغداد","nameEnglish":"Baghdad Airport","isActive":true,"lastUpdated":"2022-06-02T00:55:41Z","sectors":null},{"id":841,"nameArabic":"نغاونديري","nameEnglish":"NGAOUNDERE","isActive":true,"lastUpdated":"2022-06-02T01:01:12Z","sectors":null},{"id":1040,"nameArabic":"ميـنــا","nameEnglish":"MINNA","isActive":true,"lastUpdated":"2022-06-02T01:01:13Z","sectors":null},{"id":933,"nameArabic":"نيوكاسل","nameEnglish":"NEWCASTLE","isActive":true,"lastUpdated":"2022-06-02T01:16:46Z","sectors":null},{"id":11,"nameArabic":"نواكشوط","nameEnglish":"Nouakchott","isActive":true,"lastUpdated":"2022-06-02T01:06:15Z","sectors":null},{"id":934,"nameArabic":"ميدلاند","nameEnglish":"EAST MIDLANDS","isActive":true,"lastUpdated":"2022-06-02T01:01:13Z","sectors":null},{"id":98,"nameArabic":"ملقا","nameEnglish":"Malaga","isActive":true,"lastUpdated":"2022-06-02T01:01:14Z","sectors":null},{"id":957,"nameArabic":"نانت","nameEnglish":"NANTES","isActive":true,"lastUpdated":"2022-06-02T01:06:16Z","sectors":null},{"id":742,"nameArabic":"وارجلة","nameEnglish":"Warjlah","isActive":true,"lastUpdated":"2022-06-02T01:11:57Z","sectors":null},{"id":967,"nameArabic":"مطار سانليو أورفا","nameEnglish":"SANLIURFA AIRPORT TURKEY","isActive":true,"lastUpdated":"2022-06-02T01:06:16Z","sectors":null},{"id":70,"nameArabic":"نيودلهي","nameEnglish":"New Delhi","isActive":true,"lastUpdated":"2022-06-02T01:11:58Z","sectors":null},{"id":973,"nameArabic":"ميلانو","nameEnglish":"MILANO","isActive":true,"lastUpdated":"2022-06-02T01:16:46Z","sectors":null},{"id":734,"nameArabic":"موناستير","nameEnglish":"Monastir","isActive":true,"lastUpdated":"2022-06-02T01:12:00Z","sectors":null},{"id":1052,"nameArabic":"نيويورك","nameEnglish":"NEW YORK","isActive":true,"lastUpdated":"2022-06-02T01:17:12Z","sectors":null},{"id":1058,"nameArabic":"كينجداو","nameEnglish":"QINGDAO","isActive":true,"lastUpdated":"2022-06-02T01:22:14Z","sectors":null},{"id":884,"nameArabic":"البحيرة","nameEnglish":"AL BUHIRAH","isActive":true,"lastUpdated":"2022-06-02T01:26:53Z","sectors":null},{"id":873,"nameArabic":"مابوتو","nameEnglish":"Maputo","isActive":true,"lastUpdated":"2022-06-02T01:26:53Z","sectors":null},{"id":840,"nameArabic":"مدغوري","nameEnglish":"Mdgora","isActive":true,"lastUpdated":"2022-06-02T01:06:16Z","sectors":null},{"id":127,"nameArabic":"ليبرفيل","nameEnglish":"Libreville","isActive":true,"lastUpdated":"2022-06-02T00:19:56Z","sectors":null},{"id":51,"nameArabic":"اسطنبول","nameEnglish":"Istanbul","isActive":true,"lastUpdated":"2022-06-02T01:26:54Z","sectors":null},{"id":976,"nameArabic":"الأردن","nameEnglish":"AMMAN","isActive":true,"lastUpdated":"2022-06-02T00:25:00Z","sectors":null},{"id":798,"nameArabic":"ارضروم","nameEnglish":"ERZURUM","isActive":true,"lastUpdated":"2022-06-02T01:32:03Z","sectors":null},{"id":931,"nameArabic":"لندن","nameEnglish":"LONDON","isActive":true,"lastUpdated":null,"sectors":null},{"id":390021228,"nameArabic":"مالابو","nameEnglish":"Malabo","isActive":true,"lastUpdated":"2022-06-12T22:52:03Z","sectors":null},{"id":754,"nameArabic":"اسوان","nameEnglish":"Aswan","isActive":true,"lastUpdated":"2022-06-02T00:31:20Z","sectors":null},{"id":772,"nameArabic":"احواز","nameEnglish":"Ahvaz","isActive":true,"lastUpdated":"2022-06-02T01:26:55Z","sectors":null},{"id":42,"nameArabic":"استكهولم","nameEnglish":"Stockholm","isActive":true,"lastUpdated":"2022-06-02T01:26:56Z","sectors":null},{"id":812,"nameArabic":"احمد اباد","nameEnglish":"Ahmedabad","isActive":true,"lastUpdated":"2022-06-02T01:26:56Z","sectors":null},{"id":831,"nameArabic":"ابيدجان","nameEnglish":"Abidjan","isActive":true,"lastUpdated":"2022-06-02T00:31:20Z","sectors":null},{"id":865,"nameArabic":"لومي","nameEnglish":"Lome","isActive":true,"lastUpdated":"2022-06-02T01:27:28Z","sectors":null},{"id":46,"nameArabic":"اثينا","nameEnglish":"Athens","isActive":true,"lastUpdated":"2022-06-02T00:37:21Z","sectors":null},{"id":932,"nameArabic":"ليدز برادفورد","nameEnglish":"LEEDS AND BRADFORD","isActive":true,"lastUpdated":"2022-06-02T01:29:20Z","sectors":null},{"id":1072,"nameArabic":"مايوت","nameEnglish":"Dzaoudzi Pamandzi","isActive":true,"lastUpdated":"2022-06-02T01:31:13Z","sectors":null},{"id":763,"nameArabic":"مراكش","nameEnglish":"Marrakech","isActive":true,"lastUpdated":"2022-06-02T01:32:01Z","sectors":null},{"id":800,"nameArabic":"مدينة اسبارتا","nameEnglish":"ISPARTA CITY","isActive":true,"lastUpdated":"2022-06-02T01:32:02Z","sectors":null},{"id":966,"nameArabic":"الأزيغ","nameEnglish":"ELAZIG","isActive":true,"lastUpdated":"2022-06-02T01:32:03Z","sectors":null},{"id":818,"nameArabic":"مدراس","nameEnglish":"Madras","isActive":true,"lastUpdated":"2022-06-02T01:16:58Z","sectors":null},{"id":30,"nameArabic":"اكرا","nameEnglish":"Accra","isActive":true,"lastUpdated":"2022-06-02T01:32:03Z","sectors":null},{"id":791,"nameArabic":"كيويتا","nameEnglish":"Kujia","isActive":true,"lastUpdated":"2022-06-02T00:43:09Z","sectors":null},{"id":1048,"nameArabic":"لواندا","nameEnglish":"LUANDA","isActive":true,"lastUpdated":"2022-06-02T00:43:09Z","sectors":null},{"id":75,"nameArabic":"الاسكندرية","nameEnglish":"Alexandria","isActive":true,"lastUpdated":"2022-06-02T01:11:48Z","sectors":null},{"id":963,"nameArabic":"مالطية","nameEnglish":"MALATYA","isActive":true,"lastUpdated":"2022-06-02T01:12:04Z","sectors":null},{"id":1043,"nameArabic":"كيرسون","nameEnglish":"Kherson","isActive":true,"lastUpdated":"2022-06-02T01:12:06Z","sectors":null},{"id":847,"nameArabic":"كولون","nameEnglish":"Kowloon","isActive":true,"lastUpdated":"2022-06-02T01:06:18Z","sectors":null},{"id":29,"nameArabic":"الجزائر","nameEnglish":"Algeria","isActive":true,"lastUpdated":"2022-06-02T01:00:55Z","sectors":null},{"id":792,"nameArabic":"اظنا","nameEnglish":"Azna","isActive":true,"lastUpdated":"2022-06-02T01:00:55Z","sectors":null},{"id":830,"nameArabic":"كوتونو","nameEnglish":"Cotonou","isActive":true,"lastUpdated":"2022-06-02T01:01:17Z","sectors":null},{"id":54,"nameArabic":"مانيلا","nameEnglish":"Manila","isActive":true,"lastUpdated":"2022-06-02T00:49:48Z","sectors":null},{"id":390021229,"nameArabic":"قارو","nameEnglish":"Garowe","isActive":true,"lastUpdated":"2022-08-01T20:08:39Z","sectors":null},{"id":806,"nameArabic":"صبيحه","nameEnglish":"Sabiha","isActive":true,"lastUpdated":"2022-06-02T00:49:50Z","sectors":null},{"id":1008,"nameArabic":"ماكهاشكا","nameEnglish":"MAKHACHKALA","isActive":true,"lastUpdated":"2022-06-02T01:12:16Z","sectors":null},{"id":938,"nameArabic":"اقصر","nameEnglish":"LUXOR","isActive":true,"lastUpdated":"2022-06-02T00:49:50Z","sectors":null},{"id":38,"nameArabic":"لاهاي","nameEnglish":"The Hague","isActive":true,"lastUpdated":"2022-06-02T01:16:26Z","sectors":null},{"id":744,"nameArabic":"ادرار","nameEnglish":"ADRAR","isActive":true,"lastUpdated":"2022-06-02T01:16:26Z","sectors":null},{"id":3,"nameArabic":"اسلام اباد","nameEnglish":"Islamabad","isActive":true,"lastUpdated":"2022-06-02T01:16:26Z","sectors":null},{"id":21,"nameArabic":"مدريد","nameEnglish":"Madrid","isActive":true,"lastUpdated":"2022-06-02T01:16:47Z","sectors":null},{"id":755,"nameArabic":"اسيوط","nameEnglish":"Assiut","isActive":true,"lastUpdated":"2022-06-02T01:07:19Z","sectors":null},{"id":774,"nameArabic":"ليزراباس","nameEnglish":"Lezrabass","isActive":true,"lastUpdated":"2022-06-02T01:16:48Z","sectors":null},{"id":110,"nameArabic":"لاهور","nameEnglish":"Lahore","isActive":true,"lastUpdated":"2022-06-02T01:12:04Z","sectors":null},{"id":793,"nameArabic":"ازمير","nameEnglish":"Izmir","isActive":true,"lastUpdated":"2022-06-02T01:16:58Z","sectors":null},{"id":878,"nameArabic":"كييف","nameEnglish":"KIEV","isActive":true,"lastUpdated":"2022-06-02T01:17:12Z","sectors":null},{"id":998,"nameArabic":"بالمبانج","nameEnglish":"PALEMBANG","isActive":true,"lastUpdated":"2022-06-02T01:11:51Z","sectors":null},{"id":875,"nameArabic":"بورت لويس","nameEnglish":"Port Lowey's","isActive":true,"lastUpdated":"2022-06-02T00:20:01Z","sectors":null},{"id":1000,"nameArabic":"بانجارماسين ","nameEnglish":"BANJARMASIN","isActive":true,"lastUpdated":"2022-06-02T01:21:31Z","sectors":null},{"id":813,"nameArabic":"بانغلور","nameEnglish":"Bangalore","isActive":true,"lastUpdated":"2022-06-02T01:07:05Z","sectors":null},{"id":76,"nameArabic":"بانكوك","nameEnglish":"Bangkok","isActive":true,"lastUpdated":"2022-06-02T00:53:06Z","sectors":null},{"id":929,"nameArabic":" مانشيستر","nameEnglish":"MANCHESTER","isActive":true,"lastUpdated":"2022-06-02T00:31:21Z","sectors":null},{"id":872,"nameArabic":"برجتاون","nameEnglish":"Bridgetown","isActive":true,"lastUpdated":"2022-06-02T01:16:28Z","sectors":null},{"id":833,"nameArabic":"اوقا دوقو","nameEnglish":"Ouagadougo","isActive":true,"lastUpdated":"2022-06-02T01:21:33Z","sectors":null},{"id":17,"nameArabic":"بيرن","nameEnglish":"Bern","isActive":true,"lastUpdated":"2022-06-02T01:26:57Z","sectors":null},{"id":888,"nameArabic":"بشكيك","nameEnglish":"Bishkek","isActive":true,"lastUpdated":"2022-06-02T01:00:41Z","sectors":null},{"id":718,"nameArabic":"براغ","nameEnglish":"Prague","isActive":true,"lastUpdated":"2022-06-02T01:16:28Z","sectors":null},{"id":1016,"nameArabic":"بهوبال","nameEnglish":"BHOPAL","isActive":true,"lastUpdated":"2022-06-02T01:21:50Z","sectors":null},{"id":768,"nameArabic":"بانده اسيا","nameEnglish":"Bande Asia","isActive":true,"lastUpdated":"2022-06-02T01:21:52Z","sectors":null},{"id":749,"nameArabic":"بنغازي","nameEnglish":"Benghazi","isActive":true,"lastUpdated":"2022-06-02T01:22:24Z","sectors":null},{"id":1018,"nameArabic":"أندور","nameEnglish":"INDORE","isActive":true,"lastUpdated":"2022-06-02T01:26:56Z","sectors":null},{"id":97,"nameArabic":"باريس","nameEnglish":"Paris","isActive":true,"lastUpdated":"2022-06-02T01:27:29Z","sectors":null},{"id":869,"nameArabic":"بيجينج","nameEnglish":"BEIJING","isActive":true,"lastUpdated":"2022-06-02T00:37:21Z","sectors":null},{"id":702,"nameArabic":"ابوجا","nameEnglish":"ABUJA","isActive":true,"lastUpdated":"2022-06-02T01:32:05Z","sectors":null},{"id":1027,"nameArabic":"فاراناسي","nameEnglish":"VARANASI","isActive":true,"lastUpdated":"2022-06-02T01:32:05Z","sectors":null},{"id":827,"nameArabic":"بنجول","nameEnglish":"benjol","isActive":true,"lastUpdated":"2022-06-02T00:43:28Z","sectors":null},{"id":863,"nameArabic":"بياتي","nameEnglish":"Piatti","isActive":true,"lastUpdated":"2022-06-02T01:32:05Z","sectors":null},{"id":882,"nameArabic":"بوخارست","nameEnglish":"BUCHAREST","isActive":true,"lastUpdated":"2022-06-02T01:32:06Z","sectors":null},{"id":63,"nameArabic":"بغداد","nameEnglish":"Baghdad","isActive":true,"lastUpdated":"2022-06-02T00:43:10Z","sectors":null},{"id":124,"nameArabic":"بيشاور","nameEnglish":"Peshawar","isActive":true,"lastUpdated":"2022-06-02T00:43:10Z","sectors":null},{"id":1050,"nameArabic":"باريس","nameEnglish":"PARIS","isActive":true,"lastUpdated":"2022-06-02T00:43:12Z","sectors":null},{"id":928,"nameArabic":" برمنجهام","nameEnglish":"BIRMINGHAM","isActive":true,"lastUpdated":"2022-06-02T01:01:21Z","sectors":null},{"id":946,"nameArabic":"بوردو","nameEnglish":"BORDEAUX","isActive":true,"lastUpdated":"2022-06-02T01:37:09Z","sectors":null},{"id":968,"nameArabic":"باتمان","nameEnglish":"BATMAN","isActive":true,"lastUpdated":"2022-06-02T01:11:52Z","sectors":null},{"id":747,"nameArabic":"بربيرا","nameEnglish":"Berbiera","isActive":true,"lastUpdated":"2022-06-02T01:32:07Z","sectors":null},{"id":1011,"nameArabic":"بخارى","nameEnglish":"BUKHARA","isActive":true,"lastUpdated":"2022-06-02T01:32:07Z","sectors":null},{"id":1053,"nameArabic":"اورلاندو","nameEnglish":"ORLANDO","isActive":true,"lastUpdated":"2022-06-02T01:11:20Z","sectors":null},{"id":779,"nameArabic":"سداي","nameEnglish":"Sdaa","isActive":true,"lastUpdated":"2022-06-02T01:32:37Z","sectors":null},{"id":705,"nameArabic":"برلين","nameEnglish":"Berlin","isActive":true,"lastUpdated":"2022-06-02T01:37:09Z","sectors":null},{"id":930,"nameArabic":" بيمبريدج","nameEnglish":"BEMBRIDGE","isActive":true,"lastUpdated":"2022-06-02T00:49:50Z","sectors":null},{"id":94,"nameArabic":"باماكو","nameEnglish":"Bamako","isActive":true,"lastUpdated":"2022-06-02T00:55:47Z","sectors":null},{"id":83,"nameArabic":"برازيليا","nameEnglish":"Brasilia","isActive":true,"lastUpdated":"2022-06-02T00:49:52Z","sectors":null},{"id":1015,"nameArabic":"أيورنقباد","nameEnglish":"AURANGABAD","isActive":true,"lastUpdated":"2022-06-02T01:32:48Z","sectors":null},{"id":945,"nameArabic":"بانغي","nameEnglish":"BANGUI","isActive":true,"lastUpdated":"2022-06-02T00:49:53Z","sectors":null},{"id":784,"nameArabic":"اورمييه","nameEnglish":"URMIEH","isActive":true,"lastUpdated":"2022-06-02T00:49:53Z","sectors":null},{"id":771,"nameArabic":"بالك بابن","nameEnglish":"Bulk Baben","isActive":true,"lastUpdated":"2022-06-02T00:56:02Z","sectors":null},{"id":767,"nameArabic":"باتام","nameEnglish":"Batam","isActive":true,"lastUpdated":"2022-06-02T01:11:20Z","sectors":null},{"id":980,"nameArabic":"باكستان","nameEnglish":"SAILKOT PAKISTAN","isActive":true,"lastUpdated":"2022-06-02T01:37:12Z","sectors":null},{"id":1035,"nameArabic":"باكو","nameEnglish":"Baku","isActive":true,"lastUpdated":"2022-06-02T01:01:26Z","sectors":null},{"id":1044,"nameArabic":"بومان","nameEnglish":"Bowman","isActive":true,"lastUpdated":"2022-06-02T01:06:19Z","sectors":null},{"id":1007,"nameArabic":"أوش ","nameEnglish":"OSH","isActive":true,"lastUpdated":"2022-06-02T01:06:19Z","sectors":null},{"id":997,"nameArabic":"بادانغ","nameEnglish":"PADANG","isActive":true,"lastUpdated":"2022-06-02T01:14:14Z","sectors":null},{"id":701,"nameArabic":"أسمرة","nameEnglish":"Asmara","isActive":true,"lastUpdated":"2022-06-02T01:16:27Z","sectors":null},{"id":390021230,"nameArabic":"نوكوس","nameEnglish":"Nukus","isActive":true,"lastUpdated":"2022-08-01T20:10:11Z","sectors":null},{"id":972,"nameArabic":"بريشتينا","nameEnglish":"PRISTINA","isActive":true,"lastUpdated":"2022-06-02T01:17:23Z","sectors":null},{"id":50,"nameArabic":"الدوحة","nameEnglish":"Doha","isActive":true,"lastUpdated":"2022-06-02T01:21:33Z","sectors":null},{"id":390021231,"nameArabic":"رنيه","nameEnglish":"Ranyah","isActive":true,"lastUpdated":"2019-07-14T11:09:19Z","sectors":null},{"id":1021,"nameArabic":"الونج","nameEnglish":"ALONG","isActive":true,"lastUpdated":"2022-06-02T00:55:47Z","sectors":null},{"id":1127,"nameArabic":"انديجان","nameEnglish":"Andijan ","isActive":true,"lastUpdated":"2022-06-02T01:27:05Z","sectors":null},{"id":86,"nameArabic":"المنامة","nameEnglish":"Manama","isActive":true,"lastUpdated":"2022-06-02T00:57:58Z","sectors":null},{"id":390021156,"nameArabic":"أنفرس","nameEnglish":"ANVERS","isActive":true,"lastUpdated":"2022-06-02T01:21:33Z","sectors":null},{"id":390021166,"nameArabic":"فيتشنزا","nameEnglish":"VICENZA","isActive":true,"lastUpdated":"2022-06-02T01:21:33Z","sectors":null},{"id":1084,"nameArabic":"شانتو","nameEnglish":"Shantou","isActive":true,"lastUpdated":"2022-06-02T00:19:43Z","sectors":null},{"id":10,"nameArabic":"الكويت","nameEnglish":"Kuwait","isActive":true,"lastUpdated":"2022-06-02T00:20:06Z","sectors":null},{"id":837,"nameArabic":"الورين","nameEnglish":"ILORIN","isActive":true,"lastUpdated":"2022-06-02T01:37:14Z","sectors":null},{"id":728,"nameArabic":"اللاذقية","nameEnglish":"Lattakia","isActive":true,"lastUpdated":"2022-06-02T01:22:14Z","sectors":null},{"id":390021171,"nameArabic":"صوفيا","nameEnglish":"SOFIA","isActive":true,"lastUpdated":"2022-06-02T01:06:21Z","sectors":null},{"id":390021174,"nameArabic":"بريشتينا","nameEnglish":"PRISTINA","isActive":true,"lastUpdated":"2022-06-02T00:25:01Z","sectors":null},{"id":390001125,"nameArabic":"أرجنتوي","nameEnglish":"Argenteuil","isActive":true,"lastUpdated":"2022-06-02T00:25:02Z","sectors":null},{"id":390021163,"nameArabic":"بريشا","nameEnglish":"BRESCIA","isActive":true,"lastUpdated":"2022-06-02T01:22:14Z","sectors":null},{"id":724,"nameArabic":"العين","nameEnglish":"AL-ain","isActive":true,"lastUpdated":"2022-06-02T00:31:24Z","sectors":null},{"id":390021165,"nameArabic":"ريميني","nameEnglish":"RIMINI","isActive":true,"lastUpdated":"2022-06-02T01:32:09Z","sectors":null},{"id":1132,"nameArabic":"جيمبو","nameEnglish":"Gimpo ","isActive":true,"lastUpdated":"2022-06-02T01:16:30Z","sectors":null},{"id":1068,"nameArabic":"الماتا","nameEnglish":"ALMA-ATA","isActive":true,"lastUpdated":"2022-06-02T01:24:46Z","sectors":null},{"id":1082,"nameArabic":"أنا","nameEnglish":"ANAA","isActive":true,"lastUpdated":"2022-06-02T00:36:45Z","sectors":null},{"id":390021093,"nameArabic":"كرولي","nameEnglish":"Crawley","isActive":true,"lastUpdated":null,"sectors":null},{"id":390021090,"nameArabic":"نوتنغهام","nameEnglish":"Nottingham","isActive":true,"lastUpdated":null,"sectors":null},{"id":390021095,"nameArabic":"ان اربور","nameEnglish":"Ann Arbor","isActive":true,"lastUpdated":null,"sectors":null},{"id":93,"nameArabic":"انقره","nameEnglish":"Ankara","isActive":true,"lastUpdated":"2022-06-02T01:26:57Z","sectors":null},{"id":1067,"nameArabic":"الور ستار","nameEnglish":"ALOR SETAR","isActive":true,"lastUpdated":"2022-06-02T00:49:53Z","sectors":null},{"id":1086,"nameArabic":"صعيد","nameEnglish":"Said","isActive":true,"lastUpdated":"2022-06-02T00:36:46Z","sectors":null},{"id":925,"nameArabic":"اليس سبرنج","nameEnglish":"ALICE SPRING","isActive":true,"lastUpdated":"2022-06-02T01:26:57Z","sectors":null},{"id":84,"nameArabic":"دكا","nameEnglish":"Dhaka","isActive":true,"lastUpdated":"2022-06-02T01:32:58Z","sectors":null},{"id":943,"nameArabic":"الحسيمة","nameEnglish":"AL HOCIEMA","isActive":true,"lastUpdated":"2022-06-02T00:49:55Z","sectors":null},{"id":881,"nameArabic":"العقبة","nameEnglish":"AL-AQABA","isActive":true,"lastUpdated":"2022-06-02T00:37:23Z","sectors":null},{"id":1129,"nameArabic":"سيدني","nameEnglish":"Sydney","isActive":true,"lastUpdated":"2022-06-02T01:00:43Z","sectors":null},{"id":48,"nameArabic":"القاهرة","nameEnglish":"Cairo","isActive":true,"lastUpdated":"2022-06-02T01:34:35Z","sectors":null},{"id":1085,"nameArabic":"بويرتو كابيزاس","nameEnglish":"Puerto Cabezas","isActive":true,"lastUpdated":"2022-06-02T00:37:59Z","sectors":null},{"id":390021173,"nameArabic":"رتردام","nameEnglish":"ROTTERDAM","isActive":true,"lastUpdated":"2022-06-02T01:27:05Z","sectors":null},{"id":1133,"nameArabic":"ليجي","nameEnglish":"Liege ","isActive":true,"lastUpdated":"2022-06-02T01:00:44Z","sectors":null},{"id":390021164,"nameArabic":"فيرونا","nameEnglish":"VERONA","isActive":true,"lastUpdated":"2022-06-02T00:49:56Z","sectors":null},{"id":56,"nameArabic":"الخرطوم","nameEnglish":"Alkhartom","isActive":true,"lastUpdated":"2022-06-02T01:11:20Z","sectors":null},{"id":390021176,"nameArabic":"فريزاي","nameEnglish":"FERIZAJ","isActive":true,"lastUpdated":"2022-06-02T00:49:56Z","sectors":null},{"id":390021091,"nameArabic":"ليستر","nameEnglish":"Leicester","isActive":true,"lastUpdated":"2022-06-02T01:16:30Z","sectors":null},{"id":390021088,"nameArabic":"بلاكبيرن","nameEnglish":"Blackburn","isActive":true,"lastUpdated":"2022-06-02T00:49:56Z","sectors":null},{"id":390021089,"nameArabic":"ويلتشير","nameEnglish":"Wiltshire","isActive":true,"lastUpdated":"2022-06-02T00:49:57Z","sectors":null},{"id":390021178,"nameArabic":"جوبا","nameEnglish":"Juba ","isActive":true,"lastUpdated":"2022-06-02T01:27:05Z","sectors":null},{"id":390021168,"nameArabic":"إيسين","nameEnglish":"ESSEN","isActive":true,"lastUpdated":"2022-06-02T00:55:52Z","sectors":null},{"id":1,"nameArabic":"الرباط","nameEnglish":"Rabat","isActive":true,"lastUpdated":"2022-06-02T01:32:08Z","sectors":null},{"id":1083,"nameArabic":"جرجانية","nameEnglish":"Urgench","isActive":true,"lastUpdated":"2022-06-02T00:56:38Z","sectors":null},{"id":390021170,"nameArabic":"لوتيز لباتش","nameEnglish":"LUTZELBACH","isActive":true,"lastUpdated":"2022-06-02T01:06:20Z","sectors":null},{"id":390021159,"nameArabic":"بروج","nameEnglish":"BRUGES","isActive":true,"lastUpdated":"2022-06-02T01:11:21Z","sectors":null},{"id":390021158,"nameArabic":"بيرنجين","nameEnglish":"BERINGEN","isActive":true,"lastUpdated":"2022-06-02T01:16:29Z","sectors":null},{"id":390021179,"nameArabic":"أنطاكية","nameEnglish":"Antioch","isActive":true,"lastUpdated":"2022-06-02T01:16:31Z","sectors":null},{"id":390021167,"nameArabic":"هامبورغ","nameEnglish":"HAMBURG ","isActive":true,"lastUpdated":"2022-06-02T01:37:15Z","sectors":null},{"id":1130,"nameArabic":"صوفيا","nameEnglish":"Sofia ","isActive":true,"lastUpdated":"2022-06-02T01:37:15Z","sectors":null},{"id":390021175,"nameArabic":"بريزرن","nameEnglish":"PRIZREN","isActive":true,"lastUpdated":"2022-06-02T01:37:15Z","sectors":null},{"id":1144,"nameArabic":"بيساو","nameEnglish":"Bissau","isActive":true,"lastUpdated":"2022-06-02T01:37:16Z","sectors":null},{"id":390011086,"nameArabic":" سانت ديني","nameEnglish":"Saint-Denis","isActive":true,"lastUpdated":"2022-06-02T01:11:21Z","sectors":null},{"id":1051,"nameArabic":"واشنطن","nameEnglish":"WASHINGTON","isActive":true,"lastUpdated":"2022-06-02T00:13:39Z","sectors":null},{"id":1107,"nameArabic":"كاتالاو","nameEnglish":"Catalao","isActive":true,"lastUpdated":"2022-06-02T01:32:56Z","sectors":null},{"id":390021151,"nameArabic":"مونتانا","nameEnglish":"Montana","isActive":true,"lastUpdated":"2022-06-02T01:21:36Z","sectors":null},{"id":390021116,"nameArabic":"رانس","nameEnglish":"Rance","isActive":true,"lastUpdated":"2022-06-02T01:27:06Z","sectors":null},{"id":390021138,"nameArabic":"برشلونة","nameEnglish":"BARCELONA","isActive":true,"lastUpdated":"2022-07-25T22:29:48Z","sectors":null},{"id":1092,"nameArabic":"هيريندين باي","nameEnglish":"Herendeen Bay","isActive":true,"lastUpdated":"2022-06-02T00:19:43Z","sectors":null},{"id":1097,"nameArabic":"إرزينكان","nameEnglish":"Erzincan","isActive":true,"lastUpdated":"2022-06-02T00:19:43Z","sectors":null},{"id":1094,"nameArabic":"همدان","nameEnglish":"Hamedan","isActive":true,"lastUpdated":"2022-06-02T00:25:03Z","sectors":null},{"id":1103,"nameArabic":"اسلامشهر","nameEnglish":" Islam mashhar","isActive":true,"lastUpdated":"2022-06-02T01:37:17Z","sectors":null},{"id":390021100,"nameArabic":"مونتريال","nameEnglish":"MONTREAL","isActive":true,"lastUpdated":"2022-06-02T00:25:04Z","sectors":null},{"id":390021113,"nameArabic":"ماها جانجا","nameEnglish":"MAHA GANGA","isActive":true,"lastUpdated":"2022-06-02T01:11:34Z","sectors":null},{"id":390021139,"nameArabic":"سان دييغو","nameEnglish":"SAN DIEGO","isActive":true,"lastUpdated":"2022-06-02T00:31:25Z","sectors":null},{"id":390021150,"nameArabic":"فرجينيا","nameEnglish":"Virginia ","isActive":true,"lastUpdated":"2022-06-02T00:55:31Z","sectors":null},{"id":390021115,"nameArabic":"أرجنتوي","nameEnglish":"ARGENTEUIL","isActive":true,"lastUpdated":null,"sectors":null},{"id":390021152,"nameArabic":"هيمبستيد","nameEnglish":"HEMPSTEAD","isActive":true,"lastUpdated":"2022-06-02T01:24:56Z","sectors":null},{"id":390021103,"nameArabic":"كسانثي","nameEnglish":"XANTHI","isActive":true,"lastUpdated":"2022-06-02T01:27:06Z","sectors":null},{"id":1089,"nameArabic":"مانسشون هاوس","nameEnglish":"Mansion House","isActive":true,"lastUpdated":"2022-06-02T00:55:53Z","sectors":null},{"id":390021135,"nameArabic":"واتفورد","nameEnglish":"WATFORD","isActive":true,"lastUpdated":"2022-06-02T01:27:07Z","sectors":null},{"id":390021127,"nameArabic":"بلاك بيرن","nameEnglish":"BLACKBURN","isActive":true,"lastUpdated":null,"sectors":null},{"id":390021128,"nameArabic":"سلاو","nameEnglish":"SLOUGH","isActive":true,"lastUpdated":null,"sectors":null},{"id":390021130,"nameArabic":"ليستر","nameEnglish":"LEICESTER","isActive":true,"lastUpdated":null,"sectors":null},{"id":1090,"nameArabic":"كوسري","nameEnglish":"Kosrae","isActive":true,"lastUpdated":"2022-06-02T01:00:44Z","sectors":null},{"id":1095,"nameArabic":"دين هاج","nameEnglish":"Den Haag","isActive":true,"lastUpdated":"2022-06-02T00:37:00Z","sectors":null},{"id":390021148,"nameArabic":"كاليفورنيا","nameEnglish":"California ","isActive":true,"lastUpdated":"2022-06-02T01:27:35Z","sectors":null},{"id":390021104,"nameArabic":"مالبورن","nameEnglish":"MELBOURNE","isActive":true,"lastUpdated":"2022-06-02T00:37:00Z","sectors":null},{"id":1088,"nameArabic":"زفير","nameEnglish":"Zafer","isActive":true,"lastUpdated":"2022-06-02T01:32:10Z","sectors":null},{"id":390021105,"nameArabic":"سيدني","nameEnglish":"SYDNEY","isActive":true,"lastUpdated":"2022-06-02T01:32:11Z","sectors":null},{"id":1104,"nameArabic":"سيينا","nameEnglish":"Siena","isActive":true,"lastUpdated":"2022-06-02T00:43:14Z","sectors":null},{"id":390021141,"nameArabic":"فولز تشيرش","nameEnglish":"Falls Church","isActive":true,"lastUpdated":"2022-06-02T00:49:58Z","sectors":null},{"id":667,"nameArabic":"أبوعريش","nameEnglish":"Abuarich","isActive":true,"lastUpdated":"2022-06-02T01:32:59Z","sectors":null},{"id":390021106,"nameArabic":"أرنكليف","nameEnglish":"ARNCLHFFE","isActive":true,"lastUpdated":"2022-06-02T00:43:15Z","sectors":null},{"id":390021120,"nameArabic":"ريميس","nameEnglish":"REIMS","isActive":true,"lastUpdated":"2022-06-02T01:16:31Z","sectors":null},{"id":390021109,"nameArabic":"سانت ديني","nameEnglish":"SAINT DENIS","isActive":true,"lastUpdated":"2022-06-02T00:43:16Z","sectors":null},{"id":614,"nameArabic":"جيزان","nameEnglish":"Jizan","isActive":true,"lastUpdated":"2022-06-02T01:33:13Z","sectors":null},{"id":390021121,"nameArabic":"تالانجي","nameEnglish":"TALANGE","isActive":true,"lastUpdated":"2022-06-02T01:16:33Z","sectors":null},{"id":390021107,"nameArabic":"فيكتوريا","nameEnglish":"VICTORIA","isActive":true,"lastUpdated":"2022-06-02T01:06:21Z","sectors":null},{"id":1109,"nameArabic":"شيشمارف","nameEnglish":"Shishmaref","isActive":true,"lastUpdated":"2022-06-02T01:37:18Z","sectors":null},{"id":390021110,"nameArabic":"نوفي بازار","nameEnglish":"NOVI PAZAR","isActive":true,"lastUpdated":"2022-06-02T01:37:18Z","sectors":null},{"id":390021108,"nameArabic":"كرايستشيرتش","nameEnglish":"CHRISTCHURCH","isActive":true,"lastUpdated":"2022-06-02T00:49:58Z","sectors":null},{"id":390021149,"nameArabic":"بوسطن","nameEnglish":"Boston","isActive":true,"lastUpdated":"2022-06-02T00:55:31Z","sectors":null},{"id":1093,"nameArabic":"هينزادا","nameEnglish":"Henzada","isActive":true,"lastUpdated":"2022-06-02T00:57:58Z","sectors":null},{"id":390021133,"nameArabic":"لوتون","nameEnglish":"LUTON","isActive":true,"lastUpdated":"2022-06-02T01:37:18Z","sectors":null},{"id":390021137,"nameArabic":"سرقسطة","nameEnglish":"ZARAGOZA","isActive":true,"lastUpdated":"2022-06-02T01:37:18Z","sectors":null},{"id":390021140,"nameArabic":"فورت","nameEnglish":"Fort ","isActive":true,"lastUpdated":"2022-06-02T01:37:19Z","sectors":null},{"id":390021101,"nameArabic":"أونتاريو","nameEnglish":"ONTARIO","isActive":true,"lastUpdated":"2022-06-02T01:09:26Z","sectors":null},{"id":1100,"nameArabic":"اسبانيا","nameEnglish":"Aspen","isActive":true,"lastUpdated":"2022-06-02T00:55:54Z","sectors":null},{"id":390021099,"nameArabic":"ميسيساغا","nameEnglish":"MISSISSAUGA","isActive":true,"lastUpdated":"2022-06-02T01:11:22Z","sectors":null},{"id":1108,"nameArabic":"تمنراست","nameEnglish":"Tamanrasset","isActive":true,"lastUpdated":"2022-06-02T01:11:21Z","sectors":null},{"id":1106,"nameArabic":"ساسكيلخ","nameEnglish":"Saskylakh ","isActive":true,"lastUpdated":"2022-06-02T00:55:54Z","sectors":null},{"id":390021131,"nameArabic":"نوتنغهام","nameEnglish":"NOTTINGHAM","isActive":true,"lastUpdated":"2022-06-02T00:55:55Z","sectors":null},{"id":1110,"nameArabic":"كومبو اليجر","nameEnglish":"Campo Alegre","isActive":true,"lastUpdated":"2022-06-02T01:06:21Z","sectors":null},{"id":390021111,"nameArabic":"كيغالي","nameEnglish":"KIGALI","isActive":true,"lastUpdated":"2022-06-02T01:11:33Z","sectors":null},{"id":390021136,"nameArabic":"ديوسبري","nameEnglish":"DEWSBURY","isActive":true,"lastUpdated":"2022-06-02T01:11:34Z","sectors":null},{"id":986,"nameArabic":"مزار شريف","nameEnglish":"MAZAR-I-SHARIF","isActive":true,"lastUpdated":"2022-06-02T00:13:39Z","sectors":null},{"id":390021187,"nameArabic":"كاتسينا","nameEnglish":"KATSINA","isActive":true,"lastUpdated":"2022-06-02T01:36:56Z","sectors":null},{"id":390021226,"nameArabic":"فانكوفير","nameEnglish":"Vancouver","isActive":true,"lastUpdated":"2022-06-02T01:22:17Z","sectors":null},{"id":390021189,"nameArabic":"كوتاهيا","nameEnglish":"Kutahya","isActive":true,"lastUpdated":"2022-06-02T01:27:07Z","sectors":null},{"id":390021193,"nameArabic":"بورصة","nameEnglish":"BURSA","isActive":true,"lastUpdated":"2022-06-02T01:21:39Z","sectors":null},{"id":3333,"nameArabic":"برازافيل","nameEnglish":"Brazzaville","isActive":true,"lastUpdated":"2022-06-02T00:19:45Z","sectors":null},{"id":1268,"nameArabic":"أكتاو","nameEnglish":"Aktau","isActive":true,"lastUpdated":"2022-06-02T00:19:45Z","sectors":null},{"id":390021195,"nameArabic":"كهرمان ماراس","nameEnglish":"KAHRAMANMARAS","isActive":true,"lastUpdated":null,"sectors":null},{"id":1146,"nameArabic":"برث ","nameEnglish":"Perth","isActive":true,"lastUpdated":"2022-06-02T00:19:45Z","sectors":null},{"id":390021182,"nameArabic":"باوتشي","nameEnglish":"BAUCHI","isActive":true,"lastUpdated":null,"sectors":null},{"id":3338,"nameArabic":"ليما","nameEnglish":"Lima","isActive":true,"lastUpdated":"2022-06-02T01:21:40Z","sectors":null},{"id":1225,"nameArabic":"اسكيشهر","nameEnglish":"Eskisehir","isActive":true,"lastUpdated":"2022-06-02T00:25:06Z","sectors":null},{"id":390021194,"nameArabic":"كهرمان ماراس","nameEnglish":"KAHRAMANMARAS","isActive":true,"lastUpdated":"2022-06-02T01:36:56Z","sectors":null},{"id":390021185,"nameArabic":"غومبي","nameEnglish":"GOMBE","isActive":true,"lastUpdated":"2022-06-02T00:25:09Z","sectors":null},{"id":1226,"nameArabic":"جيرسون","nameEnglish":"Giresun","isActive":true,"lastUpdated":"2022-06-02T01:06:59Z","sectors":null},{"id":390001145,"nameArabic":"عثمان ذقنة","nameEnglish":"Osman Thigna","isActive":true,"lastUpdated":"2022-06-02T01:37:19Z","sectors":null},{"id":1186,"nameArabic":"بنجول","nameEnglish":"Bingol","isActive":true,"lastUpdated":"2022-06-02T01:21:40Z","sectors":null},{"id":390021198,"nameArabic":"اروا","nameEnglish":"Aroa","isActive":true,"lastUpdated":"2022-06-02T01:32:41Z","sectors":null},{"id":390021213,"nameArabic":"كاستامون","nameEnglish":"Kastamonu ","isActive":true,"lastUpdated":"2022-06-02T00:25:12Z","sectors":null},{"id":390021201,"nameArabic":"كويندا","nameEnglish":"Cooinda","isActive":true,"lastUpdated":"2022-06-02T01:21:41Z","sectors":null},{"id":390021206,"nameArabic":"ديستار","nameEnglish":"Dysart","isActive":true,"lastUpdated":"2022-06-02T01:27:08Z","sectors":null},{"id":390021200,"nameArabic":"بايروث","nameEnglish":"Bayreuth","isActive":true,"lastUpdated":"2022-06-02T01:27:09Z","sectors":null},{"id":1207,"nameArabic":"تامال","nameEnglish":"Tamale","isActive":true,"lastUpdated":"2022-06-02T00:25:34Z","sectors":null},{"id":390021202,"nameArabic":"شيمكينت","nameEnglish":"Shymkent","isActive":true,"lastUpdated":null,"sectors":null},{"id":1167,"nameArabic":"تبليسي","nameEnglish":"Tbilisi","isActive":true,"lastUpdated":"2022-06-02T01:14:15Z","sectors":null},{"id":390021154,"nameArabic":"بورت أوف سبين","nameEnglish":"PORT OF SPAIN","isActive":true,"lastUpdated":"2022-06-02T01:12:11Z","sectors":null},{"id":390001086,"nameArabic":"غابوروني","nameEnglish":"Gaborone","isActive":true,"lastUpdated":"2022-06-02T00:55:31Z","sectors":null},{"id":390021192,"nameArabic":"جواهاتي","nameEnglish":"Guwahati ","isActive":true,"lastUpdated":"2022-06-02T00:37:01Z","sectors":null},{"id":390021221,"nameArabic":"شانجهاي","nameEnglish":"Shanghai Pudong","isActive":true,"lastUpdated":"2022-06-02T00:31:26Z","sectors":null},{"id":1206,"nameArabic":"لانزهو","nameEnglish":"Lanzhou","isActive":true,"lastUpdated":"2022-06-02T00:49:32Z","sectors":null},{"id":390021225,"nameArabic":"اكسينج كوجاب","nameEnglish":"Xining Caojiabu","isActive":true,"lastUpdated":"2022-06-02T00:55:32Z","sectors":null},{"id":390021224,"nameArabic":"فريبورج","nameEnglish":"Vryburg","isActive":true,"lastUpdated":"2022-06-02T01:06:48Z","sectors":null},{"id":390021218,"nameArabic":"سينوب","nameEnglish":"Sinop","isActive":true,"lastUpdated":"2022-06-02T01:11:35Z","sectors":null},{"id":390021191,"nameArabic":"كلكتا","nameEnglish":"Kolkata","isActive":true,"lastUpdated":"2022-06-02T01:37:46Z","sectors":null},{"id":615,"nameArabic":"شقراء","nameEnglish":"Shaqra","isActive":true,"lastUpdated":"2022-06-02T01:27:32Z","sectors":null},{"id":390021183,"nameArabic":"بيرنين كبي","nameEnglish":"BIRNIN KEBBI","isActive":true,"lastUpdated":"2022-06-02T00:37:02Z","sectors":null},{"id":1187,"nameArabic":"انتيبي","nameEnglish":"entebbe","isActive":true,"lastUpdated":"2022-06-02T00:37:03Z","sectors":null},{"id":390021222,"nameArabic":"مارينا","nameEnglish":"Marina","isActive":true,"lastUpdated":"2022-06-02T01:06:26Z","sectors":null},{"id":390021219,"nameArabic":"اوبانو","nameEnglish":"Obano","isActive":true,"lastUpdated":"2022-06-02T00:55:33Z","sectors":null},{"id":390021220,"nameArabic":"اوسفالدو فيرا","nameEnglish":"Osvaldo Vieira","isActive":true,"lastUpdated":"2022-06-02T01:32:56Z","sectors":null},{"id":390021204,"nameArabic":"دايتون","nameEnglish":"Dayton ","isActive":true,"lastUpdated":"2022-06-02T00:37:04Z","sectors":null},{"id":390021214,"nameArabic":"كسالا","nameEnglish":"Kassala","isActive":true,"lastUpdated":"2022-06-02T00:55:33Z","sectors":null},{"id":390021144,"nameArabic":"ان اربور","nameEnglish":"Ann Arbor","isActive":true,"lastUpdated":"2022-06-02T01:33:13Z","sectors":null},{"id":1269,"nameArabic":"زنجان","nameEnglish":"ZANJAN","isActive":true,"lastUpdated":"2022-06-02T00:49:32Z","sectors":null},{"id":390021153,"nameArabic":"أراو","nameEnglish":"Arao","isActive":true,"lastUpdated":"2022-06-02T00:49:59Z","sectors":null},{"id":1267,"nameArabic":"ثيروفانانثابورام","nameEnglish":"Thiruvananthapuram","isActive":true,"lastUpdated":"2022-06-02T01:11:39Z","sectors":null},{"id":390021188,"nameArabic":"مايدوغوري","nameEnglish":"MAIDUGURI","isActive":true,"lastUpdated":"2022-06-02T01:14:21Z","sectors":null},{"id":1367,"nameArabic":"كولاب","nameEnglish":"Kulob","isActive":true,"lastUpdated":"2022-06-02T00:49:59Z","sectors":null},{"id":390021210,"nameArabic":"اجارتالا","nameEnglish":"Agartala ","isActive":true,"lastUpdated":"2022-06-02T01:11:36Z","sectors":null},{"id":1366,"nameArabic":"بليز دياغني","nameEnglish":"Blaise Diagne","isActive":true,"lastUpdated":"2022-06-02T01:33:18Z","sectors":null},{"id":99,"nameArabic":"بوجومبورا","nameEnglish":"Bujumbura","isActive":true,"lastUpdated":"2022-06-02T01:06:26Z","sectors":null},{"id":1266,"nameArabic":"سقطرى","nameEnglish":"Socotra","isActive":true,"lastUpdated":"2022-06-02T01:06:26Z","sectors":null},{"id":390021196,"nameArabic":"لومبوك","nameEnglish":"Lombok","isActive":true,"lastUpdated":"2022-06-02T01:16:35Z","sectors":null},{"id":643,"nameArabic":"عنيزة","nameEnglish":"Unaizah","isActive":true,"lastUpdated":"2022-06-02T01:34:34Z","sectors":null},{"id":390021199,"nameArabic":"باطومي ","nameEnglish":"Batumi","isActive":true,"lastUpdated":"2022-06-02T01:16:36Z","sectors":null},{"id":390021181,"nameArabic":"اكشننج","nameEnglish":"XINING","isActive":true,"lastUpdated":"2022-06-02T01:16:54Z","sectors":null},{"id":646,"nameArabic":"ينبع","nameEnglish":"Yanbu","isActive":true,"lastUpdated":"2022-06-02T01:37:04Z","sectors":null},{"id":940,"nameArabic":"أتبارا","nameEnglish":"ATBARA","isActive":true,"lastUpdated":"2022-06-02T00:13:40Z","sectors":null},{"id":670,"nameArabic":"بلجرشي","nameEnglish":"Biljurshi","isActive":true,"lastUpdated":"2022-06-02T00:13:41Z","sectors":null},{"id":601,"nameArabic":"الرياض","nameEnglish":"Riyadh","isActive":true,"lastUpdated":"2022-06-02T01:21:33Z","sectors":null},{"id":657,"nameArabic":"النماص","nameEnglish":"Nimas","isActive":true,"lastUpdated":"2022-06-02T00:13:42Z","sectors":null},{"id":603,"nameArabic":"مكة المكرمة","nameEnglish":"Makkah","isActive":true,"lastUpdated":"2022-06-02T01:21:50Z","sectors":null},{"id":722,"nameArabic":"الريان","nameEnglish":"Rayyan","isActive":true,"lastUpdated":"2022-06-02T00:13:44Z","sectors":null},{"id":672,"nameArabic":"الاحساء","nameEnglish":"Al-Hasa","isActive":true,"lastUpdated":"2022-06-02T01:37:09Z","sectors":null},{"id":647,"nameArabic":"مهد الذهب","nameEnglish":"Mahd al dhab","isActive":true,"lastUpdated":"2022-06-02T01:21:50Z","sectors":null},{"id":610,"nameArabic":"بريدة","nameEnglish":"Buraydah","isActive":true,"lastUpdated":"2022-06-02T01:37:09Z","sectors":null},{"id":639,"nameArabic":"دومة الجندل","nameEnglish":"Jandal","isActive":true,"lastUpdated":"2022-06-02T01:11:55Z","sectors":null},{"id":609,"nameArabic":"الهفوف","nameEnglish":"Al Hafuf","isActive":true,"lastUpdated":"2022-06-02T00:43:12Z","sectors":null},{"id":680,"nameArabic":"المذنب","nameEnglish":"AL-mthenb","isActive":true,"lastUpdated":"2022-06-02T00:55:48Z","sectors":null},{"id":679,"nameArabic":"شرورة","nameEnglish":"Sharorah","isActive":true,"lastUpdated":"2022-06-02T00:14:17Z","sectors":null},{"id":669,"nameArabic":"بالقرن","nameEnglish":"Belgarn","isActive":true,"lastUpdated":"2022-06-02T01:16:28Z","sectors":null},{"id":671,"nameArabic":"سدير","nameEnglish":"Sudair","isActive":true,"lastUpdated":"2022-06-02T01:06:51Z","sectors":null},{"id":613,"nameArabic":"أبها","nameEnglish":"Abha","isActive":true,"lastUpdated":"2022-06-02T01:32:05Z","sectors":null},{"id":649,"nameArabic":"خيبر","nameEnglish":"Khaybar","isActive":true,"lastUpdated":"2022-06-02T01:12:07Z","sectors":null},{"id":617,"nameArabic":"القويعية","nameEnglish":"AL-qwia","isActive":true,"lastUpdated":"2022-06-02T01:00:42Z","sectors":null},{"id":612,"nameArabic":"عرعر","nameEnglish":"ArAr","isActive":true,"lastUpdated":"2022-06-02T00:31:02Z","sectors":null},{"id":642,"nameArabic":"حقل","nameEnglish":"Haql","isActive":true,"lastUpdated":"2022-06-02T01:22:04Z","sectors":null},{"id":604,"nameArabic":"الطائف","nameEnglish":"Taif","isActive":true,"lastUpdated":"2022-06-02T01:27:04Z","sectors":null},{"id":627,"nameArabic":"القطيف","nameEnglish":"Qatif","isActive":true,"lastUpdated":"2022-06-02T01:32:08Z","sectors":null},{"id":5072,"nameArabic":"القصيم","nameEnglish":"alqasem","isActive":true,"lastUpdated":"2022-06-02T00:37:01Z","sectors":null},{"id":634,"nameArabic":"تيماء","nameEnglish":"Tayma","isActive":true,"lastUpdated":"2022-06-02T00:31:05Z","sectors":null},{"id":623,"nameArabic":"حوطة بني تميم","nameEnglish":"Hawtat Bani Tamim","isActive":true,"lastUpdated":"2022-06-02T00:37:41Z","sectors":null},{"id":645,"nameArabic":"البكيرية","nameEnglish":"Bukayriyah","isActive":true,"lastUpdated":"2022-06-02T01:06:58Z","sectors":null},{"id":677,"nameArabic":"تثليث","nameEnglish":"Ttlet","isActive":true,"lastUpdated":"2022-06-02T01:32:32Z","sectors":null},{"id":636,"nameArabic":"الوجة","nameEnglish":"AL-wjh","isActive":true,"lastUpdated":"2022-06-02T01:06:19Z","sectors":null},{"id":655,"nameArabic":"خميس مشيط","nameEnglish":"Khamis Mushait","isActive":true,"lastUpdated":"2022-06-02T00:49:36Z","sectors":null},{"id":1208,"nameArabic":"باوتشي","nameEnglish":"BAUCHI","isActive":true,"lastUpdated":"2022-06-02T00:37:03Z","sectors":null},{"id":665,"nameArabic":"صامطة","nameEnglish":"Samitah","isActive":true,"lastUpdated":"2022-06-02T00:43:00Z","sectors":null},{"id":637,"nameArabic":"املج","nameEnglish":"Umluj","isActive":true,"lastUpdated":"2022-06-02T01:16:28Z","sectors":null},{"id":630,"nameArabic":"حفر الباطن","nameEnglish":"Hafar Al Baten","isActive":true,"lastUpdated":"2022-06-02T00:55:28Z","sectors":null},{"id":653,"nameArabic":"الخرمة","nameEnglish":"Kurmah","isActive":true,"lastUpdated":"2022-06-02T00:55:49Z","sectors":null},{"id":682,"nameArabic":"الغاط","nameEnglish":"Ghat","isActive":true,"lastUpdated":"2022-06-02T01:06:28Z","sectors":null},{"id":629,"nameArabic":"قريه","nameEnglish":"Qariah","isActive":true,"lastUpdated":"2022-06-02T01:07:00Z","sectors":null},{"id":664,"nameArabic":"نجران","nameEnglish":"Najran","isActive":true,"lastUpdated":"2022-06-02T01:32:33Z","sectors":null},{"id":652,"nameArabic":"القنفذة","nameEnglish":"Qunfudah","isActive":true,"lastUpdated":"2022-06-02T00:49:53Z","sectors":null},{"id":681,"nameArabic":"بقعاء","nameEnglish":"Baqaa","isActive":true,"lastUpdated":"2022-06-02T00:37:22Z","sectors":null},{"id":641,"nameArabic":"القريات","nameEnglish":"Qurayyat","isActive":true,"lastUpdated":"2022-06-02T00:37:22Z","sectors":null},{"id":635,"nameArabic":"ضباء","nameEnglish":"Duba","isActive":true,"lastUpdated":"2022-06-02T01:32:36Z","sectors":null},{"id":644,"nameArabic":"الرس","nameEnglish":"Al Rass","isActive":true,"lastUpdated":"2022-06-02T00:43:15Z","sectors":null},{"id":616,"nameArabic":"الدوادمي","nameEnglish":"Dawadmi","isActive":true,"lastUpdated":"2022-06-02T00:49:54Z","sectors":null},{"id":607,"nameArabic":"الدمام","nameEnglish":"Dammam","isActive":true,"lastUpdated":"2022-06-02T01:00:42Z","sectors":null},{"id":650,"nameArabic":"رابغ","nameEnglish":"Rabigh","isActive":true,"lastUpdated":"2022-06-02T01:01:10Z","sectors":null},{"id":654,"nameArabic":"البرك","nameEnglish":"AL-berk","isActive":true,"lastUpdated":"2022-06-02T00:50:16Z","sectors":null},{"id":651,"nameArabic":"الليث","nameEnglish":"Laith","isActive":true,"lastUpdated":"2022-06-02T01:32:56Z","sectors":null},{"id":663,"nameArabic":"المندق","nameEnglish":"Almendq","isActive":true,"lastUpdated":"2022-06-02T00:25:00Z","sectors":null},{"id":1246,"nameArabic":"اديامان","nameEnglish":"3","isActive":true,"lastUpdated":"2022-06-02T00:31:10Z","sectors":null},{"id":675,"nameArabic":"السليل","nameEnglish":"As Sulayyil","isActive":true,"lastUpdated":"2022-06-02T01:16:29Z","sectors":null},{"id":648,"nameArabic":"العلا","nameEnglish":"Al Ula","isActive":true,"lastUpdated":"2022-06-02T00:25:01Z","sectors":null},{"id":611,"nameArabic":"حائل","nameEnglish":"Hail","isActive":true,"lastUpdated":"2022-06-02T01:16:54Z","sectors":null},{"id":1056,"nameArabic":"سالزبرك","nameEnglish":"SALZBURG","isActive":true,"lastUpdated":"2022-06-02T01:26:44Z","sectors":null},{"id":748,"nameArabic":"كفده","nameEnglish":"Kefda","isActive":true,"lastUpdated":"2022-06-02T01:21:58Z","sectors":null},{"id":714,"nameArabic":"كمبالا","nameEnglish":"Kampala","isActive":true,"lastUpdated":"2022-06-02T01:24:49Z","sectors":null},{"id":776,"nameArabic":"اصفهان","nameEnglish":"Isfahan","isActive":true,"lastUpdated":"2022-06-02T01:26:54Z","sectors":null},{"id":605,"nameArabic":"المدينة المنورة","nameEnglish":"Madina","isActive":true,"lastUpdated":"2022-06-02T01:27:07Z","sectors":null},{"id":3339,"nameArabic":"شيمكينت","nameEnglish":"Shymkent","isActive":true,"lastUpdated":"2022-06-02T00:13:49Z","sectors":null},{"id":1019,"nameArabic":"كاندلا","nameEnglish":"KANDLA","isActive":true,"lastUpdated":"2022-06-02T01:22:03Z","sectors":null},{"id":390000000,"nameArabic":"أخرى","nameEnglish":"ANOTHER","isActive":true,"lastUpdated":null,"sectors":null},{"id":103,"nameArabic":"جزر ملاديف(مالي)","nameEnglish":"MALI","isActive":true,"lastUpdated":"2022-06-02T00:24:57Z","sectors":null},{"id":618,"nameArabic":"عفيف","nameEnglish":"Afif","isActive":true,"lastUpdated":"2022-06-02T01:22:04Z","sectors":null},{"id":704,"nameArabic":"باكو","nameEnglish":"Baku","isActive":true,"lastUpdated":"2022-06-02T00:37:43Z","sectors":null},{"id":656,"nameArabic":"ظهران الجنوب","nameEnglish":"Dhahran South","isActive":true,"lastUpdated":"2022-06-02T01:22:04Z","sectors":null},{"id":628,"nameArabic":"الجبيل","nameEnglish":"Jubail","isActive":true,"lastUpdated":"2022-06-02T00:24:59Z","sectors":null},{"id":676,"nameArabic":"العرضية الجنوبية","nameEnglish":"Alardiah Aljanoubiah","isActive":true,"lastUpdated":"2022-06-02T00:43:14Z","sectors":null},{"id":760,"nameArabic":"فاس","nameEnglish":"Fes","isActive":true,"lastUpdated":"2022-06-02T00:37:19Z","sectors":null},{"id":631,"nameArabic":"الخفجي","nameEnglish":"Al Khafji","isActive":true,"lastUpdated":"2022-06-02T01:37:15Z","sectors":null},{"id":660,"nameArabic":"محائل عسير","nameEnglish":"Maha?l Asir","isActive":true,"lastUpdated":"2022-06-02T01:37:07Z","sectors":null},{"id":390021124,"nameArabic":"برادفورد","nameEnglish":"BRADFORD","isActive":true,"lastUpdated":"2022-06-02T01:06:22Z","sectors":null},{"id":807,"nameArabic":"فوكيت","nameEnglish":"PHUKET","isActive":true,"lastUpdated":"2022-06-02T00:43:21Z","sectors":null},{"id":31,"nameArabic":"كراتشي","nameEnglish":"Karachi","isActive":true,"lastUpdated":"2022-06-02T01:01:05Z","sectors":null},{"id":662,"nameArabic":"قلوة","nameEnglish":"Gulwh","isActive":true,"lastUpdated":"2022-06-02T01:14:19Z","sectors":null},{"id":619,"nameArabic":"المجمعة","nameEnglish":"Al Majmaah","isActive":true,"lastUpdated":"2022-06-02T00:16:27Z","sectors":null},{"id":999,"nameArabic":"كوالا ترينجانو","nameEnglish":"KUALA TRENGGANU","isActive":true,"lastUpdated":"2022-06-02T00:25:19Z","sectors":null},{"id":733,"nameArabic":"قفصة","nameEnglish":"Gafsa","isActive":true,"lastUpdated":"2022-06-02T01:27:12Z","sectors":null},{"id":390021092,"nameArabic":"سلوف","nameEnglish":"SLOUGH","isActive":true,"lastUpdated":"2022-06-02T00:55:53Z","sectors":null},{"id":61,"nameArabic":"كوبنهاجن","nameEnglish":"Copenhagen","isActive":true,"lastUpdated":"2022-06-02T00:55:27Z","sectors":null},{"id":12,"nameArabic":"كراكاس","nameEnglish":"Karakas","isActive":true,"lastUpdated":"2022-06-02T01:16:49Z","sectors":null},{"id":622,"nameArabic":"ثادق","nameEnglish":"Tadiq","isActive":true,"lastUpdated":"2022-06-02T01:01:21Z","sectors":null},{"id":1059,"nameArabic":"عين قزام","nameEnglish":"IN GUEZZAM","isActive":true,"lastUpdated":"2022-06-02T01:27:12Z","sectors":null},{"id":1368,"nameArabic":"ويلنغتون","nameEnglish":"WELLINGTON","isActive":true,"lastUpdated":"2022-06-02T00:49:33Z","sectors":null},{"id":640,"nameArabic":"طبرجل","nameEnglish":"Tabarjal","isActive":true,"lastUpdated":"2022-06-02T00:25:23Z","sectors":null},{"id":668,"nameArabic":"فرسان","nameEnglish":"Farsan","isActive":true,"lastUpdated":"2022-06-02T00:56:13Z","sectors":null},{"id":620,"nameArabic":"الزلفي","nameEnglish":"Al Zilfi","isActive":true,"lastUpdated":"2022-06-02T01:27:03Z","sectors":null},{"id":811,"nameArabic":"كوتاكنابالو","nameEnglish":"Kotaknabalo","isActive":true,"lastUpdated":"2022-06-02T01:27:19Z","sectors":null},{"id":1002,"nameArabic":"كوانكزهوا","nameEnglish":"GUANGZHOU","isActive":true,"lastUpdated":"2022-06-02T00:25:34Z","sectors":null},{"id":1031,"nameArabic":"البصرة","nameEnglish":"Basra","isActive":true,"lastUpdated":"2022-06-02T01:06:18Z","sectors":null},{"id":819,"nameArabic":"سرنجار","nameEnglish":"Srinagar","isActive":true,"lastUpdated":"2022-06-02T01:27:15Z","sectors":null},{"id":43,"nameArabic":"كوناكري","nameEnglish":"Conakry","isActive":true,"lastUpdated":"2022-06-02T01:29:52Z","sectors":null},{"id":951,"nameArabic":"يانجون","nameEnglish":"yangon","isActive":true,"lastUpdated":"2022-06-02T01:32:33Z","sectors":null},{"id":1074,"nameArabic":"كوالا لنامو","nameEnglish":"Kuala Namu International Airport","isActive":true,"lastUpdated":"2022-06-02T01:31:13Z","sectors":null},{"id":658,"nameArabic":"رجال المع","nameEnglish":"Rejal Elmaa","isActive":true,"lastUpdated":"2022-06-02T00:37:30Z","sectors":null},{"id":730,"nameArabic":"صلاصة","nameEnglish":"Salalah","isActive":true,"lastUpdated":"2022-06-02T01:29:55Z","sectors":null},{"id":673,"nameArabic":"سبت العلايا","nameEnglish":"Sabt Al Alayah","isActive":true,"lastUpdated":"2022-06-02T00:43:05Z","sectors":null},{"id":621,"nameArabic":"حريملاء","nameEnglish":"Huraymala","isActive":true,"lastUpdated":"2022-06-02T00:43:06Z","sectors":null},{"id":732,"nameArabic":"جدبه","nameEnglish":"Jdba","isActive":true,"lastUpdated":"2022-06-02T00:49:38Z","sectors":null},{"id":20,"nameArabic":"كانبرا","nameEnglish":"Canberra","isActive":true,"lastUpdated":"2022-06-02T00:50:07Z","sectors":null},{"id":801,"nameArabic":"قونيا","nameEnglish":"KONYA","isActive":true,"lastUpdated":"2022-06-02T00:50:21Z","sectors":null},{"id":866,"nameArabic":"بروناي","nameEnglish":"bronay","isActive":true,"lastUpdated":"2022-06-02T01:33:13Z","sectors":null},{"id":626,"nameArabic":"وادى الدواسر","nameEnglish":"Wadi ad-Dawasir","isActive":true,"lastUpdated":"2022-06-02T01:06:16Z","sectors":null},{"id":66,"nameArabic":"طهران","nameEnglish":"Tahran","isActive":true,"lastUpdated":"2022-06-02T01:11:48Z","sectors":null},{"id":838,"nameArabic":"كدونه","nameEnglish":"KADUNA","isActive":true,"lastUpdated":"2022-06-02T01:11:48Z","sectors":null},{"id":877,"nameArabic":"أوكلاند","nameEnglish":"Auckland","isActive":true,"lastUpdated":"2022-06-02T01:11:50Z","sectors":null},{"id":1012,"nameArabic":"تيرميز","nameEnglish":"TERMIZ","isActive":true,"lastUpdated":"2022-06-02T01:12:35Z","sectors":null},{"id":805,"nameArabic":"فان","nameEnglish":"VAN","isActive":true,"lastUpdated":"2022-06-02T01:16:49Z","sectors":null},{"id":35,"nameArabic":"السويس","nameEnglish":"SUEZ","isActive":true,"lastUpdated":"2022-06-02T00:13:43Z","sectors":null},{"id":390021126,"nameArabic":"لانكشر","nameEnglish":"LANCASTER","isActive":true,"lastUpdated":"2022-06-02T00:13:46Z","sectors":null},{"id":703,"nameArabic":"نور سلطان","nameEnglish":"Nur-Sultan","isActive":true,"lastUpdated":"2022-06-02T00:20:00Z","sectors":null},{"id":666,"nameArabic":"صبيا","nameEnglish":"Sabya","isActive":true,"lastUpdated":"2022-06-02T00:20:39Z","sectors":null},{"id":390021207,"nameArabic":"الابيض","nameEnglish":"Al-Ubayyid","isActive":true,"lastUpdated":"2022-06-02T00:20:41Z","sectors":null},{"id":85,"nameArabic":"دمشق","nameEnglish":"Damascus","isActive":true,"lastUpdated":"2022-06-02T00:31:04Z","sectors":null},{"id":978,"nameArabic":"ملتان","nameEnglish":"MULTAN","isActive":true,"lastUpdated":"2022-06-02T00:31:17Z","sectors":null},{"id":852,"nameArabic":"هامبورج","nameEnglish":"Hamburg","isActive":true,"lastUpdated":"2022-06-02T00:49:39Z","sectors":null},{"id":723,"nameArabic":"تعز","nameEnglish":"Taiz","isActive":true,"lastUpdated":"2022-06-02T01:27:08Z","sectors":null},{"id":1098,"nameArabic":"إدريمت كورفيز","nameEnglish":"Edremit/Korfez","isActive":true,"lastUpdated":"2022-06-02T00:55:54Z","sectors":null},{"id":390021123,"nameArabic":"بلاك بول","nameEnglish":"BLACKPOOL","isActive":true,"lastUpdated":"2022-06-02T00:56:00Z","sectors":null},{"id":750,"nameArabic":"لبيداء","nameEnglish":"Baida","isActive":true,"lastUpdated":"2022-06-02T01:12:08Z","sectors":null},{"id":757,"nameArabic":"اغادير","nameEnglish":"Aghadeer","isActive":true,"lastUpdated":"2022-06-02T01:14:14Z","sectors":null},{"id":787,"nameArabic":"اردبيل","nameEnglish":"ARDEBIL","isActive":true,"lastUpdated":"2022-06-02T01:32:04Z","sectors":null},{"id":1087,"nameArabic":"ناماىجان","nameEnglish":"Namangan","isActive":true,"lastUpdated":"2022-06-02T01:32:09Z","sectors":null},{"id":971,"nameArabic":"سكوبيه","nameEnglish":"SKOPJE","isActive":true,"lastUpdated":"2022-06-02T01:32:37Z","sectors":null},{"id":720,"nameArabic":"سيئون","nameEnglish":"Seiyun","isActive":true,"lastUpdated":"2022-06-02T01:27:14Z","sectors":null},{"id":856,"nameArabic":"زيورخ","nameEnglish":"Zurich","isActive":true,"lastUpdated":"2022-06-02T00:14:05Z","sectors":null},{"id":92,"nameArabic":"مقديشو","nameEnglish":"Mogadishu","isActive":true,"lastUpdated":"2022-06-02T00:19:55Z","sectors":null},{"id":721,"nameArabic":"الحديدة","nameEnglish":"Hodeidah","isActive":true,"lastUpdated":"2022-06-02T00:20:08Z","sectors":null},{"id":678,"nameArabic":"سراة عبيدة","nameEnglish":"Sarat Obeida","isActive":true,"lastUpdated":"2022-06-02T00:25:27Z","sectors":null},{"id":3334,"nameArabic":"مونروفيا","nameEnglish":"Monrovia","isActive":true,"lastUpdated":"2022-06-02T00:25:38Z","sectors":null},{"id":606,"nameArabic":"تبوك","nameEnglish":"Tabuk","isActive":true,"lastUpdated":"2022-06-02T00:31:14Z","sectors":null},{"id":14,"nameArabic":"جنيف","nameEnglish":"Geneva","isActive":true,"lastUpdated":"2022-06-02T00:37:31Z","sectors":null},{"id":390021205,"nameArabic":"انالاسكا","nameEnglish":"Unalaska","isActive":true,"lastUpdated":"2022-06-02T00:47:03Z","sectors":null},{"id":936,"nameArabic":"إسكندرية","nameEnglish":"BORG ELARAB","isActive":true,"lastUpdated":"2022-06-02T00:49:50Z","sectors":null},{"id":390021160,"nameArabic":"لييج","nameEnglish":"LIEGE","isActive":true,"lastUpdated":"2022-06-02T00:49:55Z","sectors":null},{"id":990,"nameArabic":"بيرجند","nameEnglish":"BIRJAND","isActive":true,"lastUpdated":"2022-06-02T01:00:36Z","sectors":null},{"id":947,"nameArabic":"مولهاوس ","nameEnglish":"MULHOUSE","isActive":true,"lastUpdated":"2022-06-02T01:01:13Z","sectors":null},{"id":390021142,"nameArabic":"ميشيغان","nameEnglish":"Michigan","isActive":true,"lastUpdated":"2022-06-02T01:06:23Z","sectors":null},{"id":955,"nameArabic":"بـاريس ","nameEnglish":"PARIS","isActive":true,"lastUpdated":"2022-06-02T01:29:52Z","sectors":null},{"id":624,"nameArabic":"الخرج","nameEnglish":"Al kharj","isActive":true,"lastUpdated":"2022-06-02T01:16:38Z","sectors":null},{"id":390021125,"nameArabic":"بولتون","nameEnglish":"BOLTON","isActive":true,"lastUpdated":"2022-06-02T01:35:03Z","sectors":null},{"id":82,"nameArabic":"بيونس  ايرس","nameEnglish":"BuenosAires","isActive":true,"lastUpdated":"2022-06-02T00:14:08Z","sectors":null},{"id":1025,"nameArabic":"شيتاجونج","nameEnglish":"CHITTAGONG","isActive":true,"lastUpdated":"2022-06-02T00:14:16Z","sectors":null},{"id":88,"nameArabic":"لاجوس","nameEnglish":"LAGOS","isActive":true,"lastUpdated":"2022-06-02T00:19:58Z","sectors":null},{"id":740,"nameArabic":"كونستاني","nameEnglish":"Konstanz","isActive":true,"lastUpdated":"2022-06-02T00:19:59Z","sectors":null},{"id":1064,"nameArabic":"بريفيزا","nameEnglish":"PREVEZA","isActive":true,"lastUpdated":"2022-06-02T00:20:06Z","sectors":null},{"id":1128,"nameArabic":"فانتا","nameEnglish":"Vantaa ","isActive":true,"lastUpdated":"2022-06-02T00:20:09Z","sectors":null},{"id":659,"nameArabic":"بيشة","nameEnglish":"Bishah","isActive":true,"lastUpdated":"2022-06-02T00:31:15Z","sectors":null},{"id":71,"nameArabic":"موسكو","nameEnglish":"Moscow","isActive":true,"lastUpdated":"2022-06-02T01:18:56Z","sectors":null},{"id":706,"nameArabic":"بريتوريا","nameEnglish":"Pretoria","isActive":true,"lastUpdated":"2022-06-02T00:50:31Z","sectors":null},{"id":142,"nameArabic":"اسلو","nameEnglish":"OSLO","isActive":true,"lastUpdated":"2022-06-02T01:00:55Z","sectors":null},{"id":661,"nameArabic":"الباحة","nameEnglish":"Baha","isActive":true,"lastUpdated":"2022-06-02T01:00:56Z","sectors":null},{"id":1046,"nameArabic":"تورينتو بيرسون","nameEnglish":"TORONTO-PEARSON","isActive":true,"lastUpdated":"2022-06-02T01:01:11Z","sectors":null},{"id":835,"nameArabic":"مالي","nameEnglish":"MALE","isActive":true,"lastUpdated":"2022-06-02T01:01:14Z","sectors":null},{"id":390021087,"nameArabic":"أنتاناناريفو","nameEnglish":"Antananarivo","isActive":true,"lastUpdated":"2022-06-02T01:01:20Z","sectors":null},{"id":632,"nameArabic":"طريف","nameEnglish":"Turayf","isActive":true,"lastUpdated":"2022-06-02T01:06:13Z","sectors":null},{"id":832,"nameArabic":"بوبو ديلاسو","nameEnglish":"Bobo Delaso","isActive":true,"lastUpdated":"2022-06-02T01:11:50Z","sectors":null},{"id":625,"nameArabic":"الافلاج","nameEnglish":"AL-aflaj","isActive":true,"lastUpdated":"2022-06-02T01:21:50Z","sectors":null},{"id":390021118,"nameArabic":"بوندي ","nameEnglish":"BONDY","isActive":true,"lastUpdated":"2022-06-02T01:32:11Z","sectors":null},{"id":710,"nameArabic":"دار السلام","nameEnglish":"Darussalam","isActive":true,"lastUpdated":"2022-06-02T01:37:04Z","sectors":null},{"id":19,"nameArabic":"مكسيكو","nameEnglish":"Mexico","isActive":true,"lastUpdated":"2022-06-02T00:19:55Z","sectors":null},{"id":390021172,"nameArabic":"ماسترخت","nameEnglish":"MAASTRICHT","isActive":true,"lastUpdated":"2022-06-02T00:20:40Z","sectors":null},{"id":95,"nameArabic":"لوس  انجليس","nameEnglish":"Los Angelis","isActive":true,"lastUpdated":"2022-06-02T00:31:19Z","sectors":null},{"id":775,"nameArabic":"بشير","nameEnglish":"Bashir","isActive":true,"lastUpdated":"2022-06-02T01:29:20Z","sectors":null},{"id":1022,"nameArabic":"جوهاتي","nameEnglish":"GAUHATI","isActive":true,"lastUpdated":"2022-06-02T01:34:34Z","sectors":null},{"id":716,"nameArabic":"لشبونة","nameEnglish":"Lisbon","isActive":true,"lastUpdated":"2022-06-02T00:37:36Z","sectors":null},{"id":390021097,"nameArabic":"برتش كولومبيا","nameEnglish":"BRITISH COLUMBIA","isActive":true,"lastUpdated":"2022-06-02T00:38:00Z","sectors":null},{"id":964,"nameArabic":"مرزيفون","nameEnglish":"MERZIFON","isActive":true,"lastUpdated":"2022-06-02T00:55:42Z","sectors":null},{"id":804,"nameArabic":"طرابزون","nameEnglish":"Trabzon","isActive":true,"lastUpdated":"2022-06-02T01:06:14Z","sectors":null},{"id":823,"nameArabic":"لارنكا","nameEnglish":"Larnaca","isActive":true,"lastUpdated":"2022-06-02T01:07:01Z","sectors":null},{"id":871,"nameArabic":"بدوازفيل","nameEnglish":"Bdowazfel","isActive":true,"lastUpdated":"2022-06-02T01:11:51Z","sectors":null},{"id":761,"nameArabic":"وجده","nameEnglish":"Oujda","isActive":true,"lastUpdated":"2022-06-02T01:11:57Z","sectors":null},{"id":119,"nameArabic":"جزر القمر","nameEnglish":"Comoros Islands","isActive":true,"lastUpdated":"2022-06-02T01:37:04Z","sectors":null},{"id":390021145,"nameArabic":"نيوجرسي","nameEnglish":"New Jersey","isActive":true,"lastUpdated":"2022-06-02T00:13:47Z","sectors":null},{"id":979,"nameArabic":"رحيم يار خان","nameEnglish":"RAHIMYARKHAN","isActive":true,"lastUpdated":"2022-06-02T00:14:06Z","sectors":null},{"id":1005,"nameArabic":"كونمينغ","nameEnglish":"KUNMING","isActive":true,"lastUpdated":"2022-06-02T01:18:56Z","sectors":null},{"id":741,"nameArabic":"غاردية","nameEnglish":"Ghardaïa","isActive":true,"lastUpdated":"2022-06-02T00:20:24Z","sectors":null},{"id":773,"nameArabic":"يزد","nameEnglish":"Yazd","isActive":true,"lastUpdated":"2022-06-02T00:49:39Z","sectors":null},{"id":602,"nameArabic":"جدة","nameEnglish":"Jeddah","isActive":true,"lastUpdated":"2022-06-02T01:22:05Z","sectors":null},{"id":709,"nameArabic":"تيرانا","nameEnglish":"Tirana","isActive":true,"lastUpdated":"2022-06-02T01:26:50Z","sectors":null},{"id":390021146,"nameArabic":"إلينوي","nameEnglish":"Illinois ","isActive":true,"lastUpdated":"2022-06-02T00:55:55Z","sectors":null},{"id":858,"nameArabic":"ليون","nameEnglish":"LYON","isActive":true,"lastUpdated":"2022-06-02T01:06:18Z","sectors":null},{"id":719,"nameArabic":"بودابست","nameEnglish":"Budapest","isActive":true,"lastUpdated":"2022-06-02T01:32:06Z","sectors":null},{"id":766,"nameArabic":"ناظور","nameEnglish":"NADOR","isActive":true,"lastUp
[...]
��Bܗ�.��&amp#12;��ʴ�C!���Z��6)DH�&amp#0;3��X��(��D�@gp��g�&amp#14;�3�m��P���m�O&amp#29;x��<��p �&amp#21;T&amp#23;q
&amp#20;c⪧��V�&amp#14;|�P&amp#30;#&amp#3;ku&amp#19;c�!�J���&amp#20;0Ԕ}=Xh�����`����Ε��jkM&amp#11;k&amp#14;ֵi&amp#17;�|&amp#25;�;0��6�%Ԫ�U&amp#15;�B����-E�� &amp#12;8��Mr�&amp#19;c
��9�mDJ�wH{l&amp#0;&amp#8;�d�8<�s�v���d���8&amp#4;� ,�#��Z�_��$�&amp#31;�a�&amp#29;qn6�&amp#31;o
�9��Z�=��Q&amp#2;�k�&amp#25;�+�u��GF��&amp#31;���>��s�y��C�mL��/5�e&amp#26;�;�xj��uc�&amp#14;�g�[ax$&amp#15;㟠/�&amp#22;����?�)����?&amp#0;&amp#0;&amp#0;��&amp#3;&amp#0;PK&amp#1;&amp#2;-&amp#0;&amp#20;&amp#0;&amp#6;&amp#0;&amp#8;&amp#0;&amp#0;&amp#0;!&amp#0;&amp#18;&amp#24;��d&amp#1;&amp#0;&amp#0;&amp#24;&amp#5;&amp#0;&amp#0;&amp#19;&amp#0;&amp#0;&amp#0;&amp#0;&amp#0;&amp#0;&amp#0;&amp#0;&amp#0;&amp#0;&amp#0;&amp#0;&amp#0;&amp#0;&amp#0;&amp#0;&amp#0;[Content_Types].xmlPK&amp#1;&amp#2;-&amp#0;&amp#20;&amp#0;&amp#6;&amp#0;&amp#8;&amp#0;&amp#0;&amp#0;!&amp#0;�U0#�&amp#0;&amp#0;&amp#0;L&amp#2;&amp#0;&amp#0;&amp#11;&amp#0;&amp#0;&amp#0;&amp#0;&amp#0;&amp#0;&amp#0;&amp#0;&amp#0;&amp#0;&amp#0;&amp#0;&amp#0;�&amp#3;&amp#0;&amp#0;_rels/.relsPK&amp#1;&amp#2;-&amp#0;&amp#20;&amp#0;&amp#6;&amp#0;&amp#8;&amp#0;&amp#0;&amp#0;!&amp#0;�N���&amp#3;&amp#0;&amp#0;_	&amp#0;&amp#0;&amp#15;&amp#0;&amp#0;&amp#0;&amp#0;&amp#0;&amp#0;&amp#0;&amp#0;&amp#0;&amp#0;&amp#0;&amp#0;&amp#0;�&amp#6;&amp#0;&amp#0;xl/workbook.xmlPK&amp#1;&amp#2;-&amp#0;&amp#20;&amp#0;&amp#6;&amp#0;&amp#8;&amp#0;&amp#0;&amp#0;!&amp#0;J��a�&amp#0;&amp#0;&amp#0;G&amp#3;&amp#0;&amp#0;&amp#26;&amp#0;&amp#0;&amp#0;&amp#0;&amp#0;&amp#0;&amp#0;&amp#0;&amp#0;&amp#0;&amp#0;&amp#0;&amp#0;�
&amp#0;&amp#0;xl/_rels/workbook.xml.relsPK&amp#1;&amp#2;-&amp#0;&amp#20;&amp#0;&amp#6;&amp#0;&amp#8;&amp#0;&amp#0;&amp#0;!&amp#0;�xO��&amp#3;&amp#0;&amp#0;�&amp#8;&amp#0;&amp#0;&amp#24;&amp#0;&amp#0;&amp#0;&amp#0;&amp#0;&amp#0;&amp#0;&amp#0;&amp#0;&amp#0;&amp#0;&amp#0;&amp#0;�&amp#12;&amp#0;&amp#0;xl/worksheets/sheet1.xmlPK&amp#1;&amp#2;-&amp#0;&amp#20;&amp#0;&amp#6;&amp#0;&amp#8;&amp#0;&amp#0;&amp#0;!&amp#0;���C�&amp#2;&amp#0;&amp#0;�&amp#6;&amp#0;&amp#0;&amp#24;&amp#0;&amp#0;&amp#0;&amp#0;&amp#0;&amp#0;&amp#0;&amp#0;&amp#0;&amp#0;&amp#0;&amp#0;&amp#0;�&amp#16;&amp#0;&amp#0;xl/worksheets/sheet2.xmlPK&amp#1;&amp#2;-&amp#0;&amp#20;&amp#0;&amp#6;&amp#0;&amp#8;&amp#0;&amp#0;&amp#0;!&amp#0;�&amp#23;&amp#16;�N&amp#7;&amp#0;&amp#0;� &amp#0;&amp#0;&amp#19;&amp#0;&amp#0;&amp#0;&amp#0;&amp#0;&amp#0;&amp#0;&amp#0;&amp#0;&amp#0;&amp#0;&amp#0;&amp#0;&amp#2;&amp#20;&amp#0;&amp#0;xl/theme/theme1.xmlPK&amp#1;&amp#2;-&amp#0;&amp#20;&amp#0;&amp#6;&amp#0;&amp#8;&amp#0;&amp#0;&amp#0;!&amp#0;&amp#6;}&amp#23;y�&amp#3;&amp#0;&amp#0;�
&amp#0;&amp#0;
&amp#0;&amp#0;&amp#0;&amp#0;&amp#0;&amp#0;&amp#0;&amp#0;&amp#0;&amp#0;&amp#0;&amp#0;&amp#0;�&amp#27;&amp#0;&amp#0;xl/styles.xmlPK&amp#1;&amp#2;-&amp#0;&amp#20;&amp#0;&amp#6;&amp#0;&amp#8;&amp#0;&amp#0;&amp#0;!&amp#0;�"� 6&amp#1;&amp#0;&amp#0;A&amp#2;&amp#0;&amp#0;&amp#20;&amp#0;&amp#0;&amp#0;&amp#0;&amp#0;&amp#0;&amp#0;&amp#0;&amp#0;&amp#0;&amp#0;&amp#0;&amp#0;Y&amp#31;&amp#0;&amp#0;xl/sharedStrings.xmlPK&amp#1;&amp#2;-&amp#0;&amp#20;&amp#0;&amp#6;&amp#0;&amp#8;&amp#0;&amp#0;&amp#0;!&amp#0;�����&amp#0;&amp#0;&amp#0;V&amp#1;&amp#0;&amp#0;#&amp#0;&amp#0;&amp#0;&amp#0;&amp#0;&amp#0;&amp#0;&amp#0;&amp#0;&amp#0;&amp#0;&amp#0;&amp#0;� &amp#0;&amp#0;xl/worksheets/_rels/sheet1.xml.relsPK&amp#1;&amp#2;-&amp#0;&amp#20;&amp#0;&amp#6;&amp#0;&amp#8;&amp#0;&amp#0;&amp#0;!&amp#0;|��{R&amp#1;&amp#0;&amp#0;�&amp#2;&amp#0;&amp#0;&amp#17;&amp#0;&amp#0;&amp#0;&amp#0;&amp#0;&amp#0;&amp#0;&amp#0;&amp#0;&amp#0;&amp#0;&amp#0;&amp#0;�!&amp#0;&amp#0;docProps/core.xmlPK&amp#1;&amp#2;-&amp#0;&amp#20;&amp#0;&amp#6;&amp#0;&amp#8;&amp#0;&amp#0;&amp#0;!&amp#0;e�3�&amp#1;&amp#0;&amp#0;9&amp#3;&amp#0;&amp#0;&amp#16;&amp#0;&amp#0;&amp#0;&amp#0;&amp#0;&amp#0;&amp#0;&amp#0;&amp#0;&amp#0;&amp#0;&amp#0;&amp#0;h$&amp#0;&amp#0;docProps/app.xmlPK&amp#5;&amp#6;&amp#0;&amp#0;&amp#0;&amp#0;&amp#12;&amp#0;&amp#12;&amp#0;&amp#23;&amp#3;&amp#0;&amp#0;2'&amp#0;&amp#0;&amp#0;&amp#0;

[main] INFO com.shaft.tools.io.ReportManagerHelper - [ReportManager] Setting discrete logging to: "true" @12-10-2022 16:11:02.0783 PM
[main] INFO com.shaft.tools.io.ReportManagerHelper - [ReportManager] Response status code: "200", status line: "HTTP/1.1 200 OK" @12-10-2022 16:11:02.0784 PM
[main] INFO com.shaft.tools.io.ReportManagerHelper - [ReportManager] Setting discrete logging to: "false" @12-10-2022 16:11:02.0785 PM
[main] INFO com.shaft.tools.io.ReportManagerHelper - [ReportManager] Successfully created attachment "API Request - Specifications" @12-10-2022 16:11:02.0799 PM
[main] INFO com.shaft.tools.io.ReportManagerHelper - [ReportManager] Debugging Attachment Entry @12-10-2022 16:11:02.0799 PM
Headers:
_______________

Content-Type=application/x-www-form-urlencoded


[main] INFO com.shaft.tools.io.ReportManagerHelper - [ReportManager] Successfully created attachment "API Request - Body" @12-10-2022 16:11:02.0799 PM
[main] INFO com.shaft.tools.io.ReportManagerHelper - [ReportManager] Debugging Attachment Entry @12-10-2022 16:11:02.0799 PM
��&amp#0;&amp#5;t&amp#0;Ausername=tokhi&password=123&grant_type=password&client_id=tic-api

[main] INFO com.shaft.tools.io.ReportManagerHelper - [ReportManager] Successfully created attachment "API Response - JSON Body" @12-10-2022 16:11:02.0800 PM
[main] INFO com.shaft.tools.io.ReportManagerHelper - [ReportManager] Debugging Attachment Entry @12-10-2022 16:11:02.0800 PM
{
  "access_token": "eyJhbGciOiJSUzI1NiIsInR5cCIgOiAiSldUIiwia2lkIiA6ICJjck9ORDFNdFVPVWhzS2Mtb0ppVFFmb0o1d1l4REF6Y3k0ZjNYZ0dveGdZIn0.eyJleHAiOjE2NjU1ODQxNjEsImlhdCI6MTY2NTU4Mzg2MSwianRpIjoiYzYwYTE4MWMtZGM2Yi00NDY2LWFkZTktYjZiODAxNGU4ZTg2IiwiaXNzIjoiaHR0cHM6Ly9hdXRoLWRlbW8ubnAudHJhbnNwb3J0aWNvbmxpbmUuY29tL2F1dGgvcmVhbG1zL3RpYyIsImF1ZCI6ImFjY291bnQiLCJzdWIiOiI0ZTk3NmQ0NC1iM2ZkLTRjYTktODk1Ny0wYWJiODUwNzNhNzQiLCJ0eXAiOiJCZWFyZXIiLCJhenAiOiJ0aWMtYXBpIiwic2Vzc2lvbl9zdGF0ZSI6ImY1MzFkZThmLTdhYTgtNDMwZS04N2RjLTYxZjMzOWNiYWE1YSIsImFjciI6IjEiLCJhbGxvd2VkLW9yaWdpbnMiOlsiaHR0cHM6Ly9hcGktZGV2Lm5wLnRyYW5zcG9ydGljb25saW5lLmNvbSJdLCJyZWFsbV9hY2Nlc3MiOnsicm9sZXMiOlsib2ZmbGluZV9hY2Nlc3MiLCJkZWZhdWx0LXJvbGVzLXRpYyIsInVtYV9hdXRob3JpemF0aW9uIiwidXNlciJdfSwicmVzb3VyY2VfYWNjZXNzIjp7ImFjY291bnQiOnsicm9sZXMiOlsibWFuYWdlLWFjY291bnQiLCJtYW5hZ2UtYWNjb3VudC1saW5rcyIsInZpZXctcHJvZmlsZSJdfX0sInNjb3BlIjoiZW1haWwgcHJvZmlsZSIsInNpZCI6ImY1MzFkZThmLTdhYTgtNDMwZS04N2RjLTYxZjMzOWNiYWE1YSIsImVtYWlsX3ZlcmlmaWVkIjpmYWxzZSwicHJlZmVycmVkX3VzZXJuYW1lIjoidG9raGkiLCJ0Y0lkIjoiMzE5OTU3In0.AXTE4IRn3Q83qizAy5xs1qYT9bZXl28yy57WNJeylnptQYkji5RGEolbzCjXAjLEtyniTJ5id-610-T15I-dKRx1ZJkU96yrFysAlk9qlIpy4eM0nct9TA65WH93J3IEVrQf2k9jG9U2P1cY3SoUWXbYSZmopAo29Vc8x4Y9nbX14Dek1OjVRJR36sRYxCxnHxi6Je2ZSXDQmTdmSfSVATmkINM96v1dUf8OLfzjVB7gfw_xjtRGIl4PpbiTFpvCxq_siCatEY89bmEu_sWpsjyGqz9pqEaij9WUH00KFSTIqCKGaZV6eJL6mbM4mjc7mtfJBOy8Ika7pzRzbSWl-Q",
  "refresh_token": "eyJhbGciOiJIUzI1NiIsInR5cCIgOiAiSldUIiwia2lkIiA6ICJkMTFjNTY4Yi1iMjAyLTQzYjgtYTBiMy1hYWI4ZWMyYWQzZDEifQ.eyJleHAiOjE2NjU1ODU2NjEsImlhdCI6MTY2NTU4Mzg2MSwianRpIjoiODU5M2FiMTYtMDhiOC00YWU0LTgwNjgtOTUzYThkZmE0ODJhIiwiaXNzIjoiaHR0cHM6Ly9hdXRoLWRlbW8ubnAudHJhbnNwb3J0aWNvbmxpbmUuY29tL2F1dGgvcmVhbG1zL3RpYyIsImF1ZCI6Imh0dHBzOi8vYXV0aC1kZW1vLm5wLnRyYW5zcG9ydGljb25saW5lLmNvbS9hdXRoL3JlYWxtcy90aWMiLCJzdWIiOiI0ZTk3NmQ0NC1iM2ZkLTRjYTktODk1Ny0wYWJiODUwNzNhNzQiLCJ0eXAiOiJSZWZyZXNoIiwiYXpwIjoidGljLWFwaSIsInNlc3Npb25fc3RhdGUiOiJmNTMxZGU4Zi03YWE4LTQzMGUtODdkYy02MWYzMzljYmFhNWEiLCJzY29wZSI6ImVtYWlsIHByb2ZpbGUiLCJzaWQiOiJmNTMxZGU4Zi03YWE4LTQzMGUtODdkYy02MWYzMzljYmFhNWEifQ.C9hGYaLf7ipvVl6YFuRRyYAmB1vEd5uwIICyhv6S4Ho",
  "refresh_expires_in": 1800,
  "not-before-policy": 0,
  "scope": "email profile",
  "token_type": "Bearer",
  "session_state": "f531de8f-7aa8-430e-87dc-61f339cbaa5a",
  "expires_in": 300
}

[main] INFO com.shaft.tools.io.ReportManagerHelper - [ReportManager] Successfully created attachment "Validation Test Data - Expected Value" @12-10-2022 16:11:02.0801 PM
[main] INFO com.shaft.tools.io.ReportManagerHelper - [ReportManager] Debugging Attachment Entry @12-10-2022 16:11:02.0801 PM
access_token

[main] INFO com.shaft.tools.io.ReportManagerHelper - [ReportManager] Successfully created attachment "Validation Test Data - Actual Value" @12-10-2022 16:11:02.0801 PM
[main] INFO com.shaft.tools.io.ReportManagerHelper - [ReportManager] Debugging Attachment Entry @12-10-2022 16:11:02.0801 PM
{"access_token":"eyJhbGciOiJSUzI1NiIsInR5cCIgOiAiSldUIiwia2lkIiA6ICJjck9ORDFNdFVPVWhzS2Mtb0ppVFFmb0o1d1l4REF6Y3k0ZjNYZ0dveGdZIn0.eyJleHAiOjE2NjU1ODQxNjEsImlhdCI6MTY2NTU4Mzg2MSwianRpIjoiYzYwYTE4MWMtZGM2Yi00NDY2LWFkZTktYjZiODAxNGU4ZTg2IiwiaXNzIjoiaHR0cHM6Ly9hdXRoLWRlbW8ubnAudHJhbnNwb3J0aWNvbmxpbmUuY29tL2F1dGgvcmVhbG1zL3RpYyIsImF1ZCI6ImFjY291bnQiLCJzdWIiOiI0ZTk3NmQ0NC1iM2ZkLTRjYTktODk1Ny0wYWJiODUwNzNhNzQiLCJ0eXAiOiJCZWFyZXIiLCJhenAiOiJ0aWMtYXBpIiwic2Vzc2lvbl9zdGF0ZSI6ImY1MzFkZThmLTdhYTgtNDMwZS04N2RjLTYxZjMzOWNiYWE1YSIsImFjciI6IjEiLCJhbGxvd2VkLW9yaWdpbnMiOlsiaHR0cHM6Ly9hcGktZGV2Lm5wLnRyYW5zcG9ydGljb25saW5lLmNvbSJdLCJyZWFsbV9hY2Nlc3MiOnsicm9sZXMiOlsib2ZmbGluZV9hY2Nlc3MiLCJkZWZhdWx0LXJvbGVzLXRpYyIsInVtYV9hdXRob3JpemF0aW9uIiwidXNlciJdfSwicmVzb3VyY2VfYWNjZXNzIjp7ImFjY291bnQiOnsicm9sZXMiOlsibWFuYWdlLWFjY291bnQiLCJtYW5hZ2UtYWNjb3VudC1saW5rcyIsInZpZXctcHJvZmlsZSJdfX0sInNjb3BlIjoiZW1haWwgcHJvZmlsZSIsInNpZCI6ImY1MzFkZThmLTdhYTgtNDMwZS04N2RjLTYxZjMzOWNiYWE1YSIsImVtYWlsX3ZlcmlmaWVkIjpmYWxzZSwicHJlZmVycmVkX3VzZXJuYW1lIjoidG9raGkiLCJ0Y0lkIjoiMzE5OTU3In0.AXTE4IRn3Q83qizAy5xs1qYT9bZXl28yy57WNJeylnptQYkji5RGEolbzCjXAjLEtyniTJ5id-610-T15I-dKRx1ZJkU96yrFysAlk9qlIpy4eM0nct9TA65WH93J3IEVrQf2k9jG9U2P1cY3SoUWXbYSZmopAo29Vc8x4Y9nbX14Dek1OjVRJR36sRYxCxnHxi6Je2ZSXDQmTdmSfSVATmkINM96v1dUf8OLfzjVB7gfw_xjtRGIl4PpbiTFpvCxq_siCatEY89bmEu_sWpsjyGqz9pqEaij9WUH00KFSTIqCKGaZV6eJL6mbM4mjc7mtfJBOy8Ika7pzRzbSWl-Q","expires_in":300,"refresh_expires_in":1800,"refresh_token":"eyJhbGciOiJIUzI1NiIsInR5cCIgOiAiSldUIiwia2lkIiA6ICJkMTFjNTY4Yi1iMjAyLTQzYjgtYTBiMy1hYWI4ZWMyYWQzZDEifQ.eyJleHAiOjE2NjU1ODU2NjEsImlhdCI6MTY2NTU4Mzg2MSwianRpIjoiODU5M2FiMTYtMDhiOC00YWU0LTgwNjgtOTUzYThkZmE0ODJhIiwiaXNzIjoiaHR0cHM6Ly9hdXRoLWRlbW8ubnAudHJhbnNwb3J0aWNvbmxpbmUuY29tL2F1dGgvcmVhbG1zL3RpYyIsImF1ZCI6Imh0dHBzOi8vYXV0aC1kZW1vLm5wLnRyYW5zcG9ydGljb25saW5lLmNvbS9hdXRoL3JlYWxtcy90aWMiLCJzdWIiOiI0ZTk3NmQ0NC1iM2ZkLTRjYTktODk1Ny0wYWJiODUwNzNhNzQiLCJ0eXAiOiJSZWZyZXNoIiwiYXpwIjoidGljLWFwaSIsInNlc3Npb25fc3RhdGUiOiJmNTMxZGU4Zi03YWE4LTQzMGUtODdkYy02MWYzMzljYmFhNWEiLCJzY29wZSI6ImVtYWlsIHByb2ZpbGUiLCJzaWQiOiJmNTMxZGU4Zi03YWE4LTQzMGUtODdkYy02MWYzMzljYmFhNWEifQ.C9hGYaLf7ipvVl6YFuRRyYAmB1vEd5uwIICyhv6S4Ho","token_type":"Bearer","not-before-policy":0,"session_state":"f531de8f-7aa8-430e-87dc-61f339cbaa5a","scope":"email profile"}

[main] INFO com.shaft.tools.io.ReportManagerHelper - [ReportManager] Get response jsonvalue "access_token". @12-10-2022 16:11:02.0802 PM
[main] INFO com.shaft.tools.io.ReportManagerHelper - [ReportManager] Successfully created attachment "Validation Test Data - Expected Value" @12-10-2022 16:11:02.0803 PM
[main] INFO com.shaft.tools.io.ReportManagerHelper - [ReportManager] Debugging Attachment Entry @12-10-2022 16:11:02.0803 PM
null

[main] INFO com.shaft.tools.io.ReportManagerHelper - [ReportManager] Successfully created attachment "Validation Test Data - Actual Value" @12-10-2022 16:11:02.0803 PM
[main] INFO com.shaft.tools.io.ReportManagerHelper - [ReportManager] Debugging Attachment Entry @12-10-2022 16:11:02.0803 PM
eyJhbGciOiJSUzI1NiIsInR5cCIgOiAiSldUIiwia2lkIiA6ICJjck9ORDFNdFVPVWhzS2Mtb0ppVFFmb0o1d1l4REF6Y3k0ZjNYZ0dveGdZIn0.eyJleHAiOjE2NjU1ODQxNjEsImlhdCI6MTY2NTU4Mzg2MSwianRpIjoiYzYwYTE4MWMtZGM2Yi00NDY2LWFkZTktYjZiODAxNGU4ZTg2IiwiaXNzIjoiaHR0cHM6Ly9hdXRoLWRlbW8ubnAudHJhbnNwb3J0aWNvbmxpbmUuY29tL2F1dGgvcmVhbG1zL3RpYyIsImF1ZCI6ImFjY291bnQiLCJzdWIiOiI0ZTk3NmQ0NC1iM2ZkLTRjYTktODk1Ny0wYWJiODUwNzNhNzQiLCJ0eXAiOiJCZWFyZXIiLCJhenAiOiJ0aWMtYXBpIiwic2Vzc2lvbl9zdGF0ZSI6ImY1MzFkZThmLTdhYTgtNDMwZS04N2RjLTYxZjMzOWNiYWE1YSIsImFjciI6IjEiLCJhbGxvd2VkLW9yaWdpbnMiOlsiaHR0cHM6Ly9hcGktZGV2Lm5wLnRyYW5zcG9ydGljb25saW5lLmNvbSJdLCJyZWFsbV9hY2Nlc3MiOnsicm9sZXMiOlsib2ZmbGluZV9hY2Nlc3MiLCJkZWZhdWx0LXJvbGVzLXRpYyIsInVtYV9hdXRob3JpemF0aW9uIiwidXNlciJdfSwicmVzb3VyY2VfYWNjZXNzIjp7ImFjY291bnQiOnsicm9sZXMiOlsibWFuYWdlLWFjY291bnQiLCJtYW5hZ2UtYWNjb3VudC1saW5rcyIsInZpZXctcHJvZmlsZSJdfX0sInNjb3BlIjoiZW1haWwgcHJvZmlsZSIsInNpZCI6ImY1MzFkZThmLTdhYTgtNDMwZS04N2RjLTYxZjMzOWNiYWE1YSIsImVtYWlsX3ZlcmlmaWVkIjpmYWxzZSwicHJlZmVycmVkX3VzZXJuYW1lIjoidG9raGkiLCJ0Y0lkIjoiMzE5OTU3In0.AXTE4IRn3Q83qizAy5xs1qYT9bZXl28yy57WNJeylnptQYkji5RGEolbzCjXAjLEtyniTJ5id-610-T15I-dKRx1ZJkU96yrFysAlk9qlIpy4eM0nct9TA65WH93J3IEVrQf2k9jG9U2P1cY3SoUWXbYSZmopAo29Vc8x4Y9nbX14Dek1OjVRJR36sRYxCxnHxi6Je2ZSXDQmTdmSfSVATmkINM96v1dUf8OLfzjVB7gfw_xjtRGIl4PpbiTFpvCxq_siCatEY89bmEu_sWpsjyGqz9pqEaij9WUH00KFSTIqCKGaZV6eJL6mbM4mjc7mtfJBOy8Ika7pzRzbSWl-Q

[main] INFO com.shaft.tools.io.ReportManagerHelper - [ReportManager] File Action "DoesFileExist" successfully performed. With the following test data "File Path: "Token_schema.json"". @12-10-2022 16:11:02.0804 PM
[main] INFO com.shaft.tools.io.ReportManagerHelper - [ReportManager] File Action "DoesFileExist" successfully performed. With the following test data "File Path: "src/test/resources/testDataFiles/Token_schema.json"". @12-10-2022 16:11:02.0804 PM
[main] INFO com.shaft.tools.io.ReportManagerHelper - [ReportManager] File Action "GetAbsolutePath" successfully performed. With the following test data "Relative Folder Path: "src/test/resources/testDataFiles/Token_schema.json"". @12-10-2022 16:11:02.0804 PM
[main] INFO com.shaft.tools.io.ReportManagerHelper - [ReportManager] File Action "DoesFileExist" successfully performed. With the following test data "File Path: "C:\eclipse-workspace\MyProjects\TASystemsAPIs\src\test\resources\testDataFiles\Token_schema.json"". @12-10-2022 16:11:02.0807 PM
[main] INFO com.shaft.tools.io.ReportManagerHelper - [ReportManager] File Action "GetAbsolutePath" successfully performed. With the following test data "Relative Folder Path: "C:\eclipse-workspace\MyProjects\TASystemsAPIs\src\test\resources\testDataFiles\Token_schema.json"". @12-10-2022 16:11:02.0808 PM
[main] INFO com.shaft.tools.io.ReportManagerHelper - [ReportManager] File Action "ReadFromFile" successfully performed. With the following test data "File Path: "C:\eclipse-workspace\MyProjects\TASystemsAPIs\src\test\resources\testDataFiles\Token_schema.json"". @12-10-2022 16:11:02.0808 PM
[main] INFO com.shaft.tools.io.ReportManagerHelper - [ReportManager] Successfully created attachment "Validation Test Data - Expected JSON Value" @12-10-2022 16:11:02.0810 PM
[main] INFO com.shaft.tools.io.ReportManagerHelper - [ReportManager] Debugging Attachment Entry @12-10-2022 16:11:02.0810 PM
{
  "$schema": "http://json-schema.org/draft-04/schema#",
  "type": "object",
  "properties": {
    "access_token": {
      "type": "string"
    },
    "refresh_token": {
      "type": "string"
    },
    "refresh_expires_in": {
      "type": "integer"
    },
    "not-before-policy": {
      "type": "integer"
    },
    "scope": {
      "type": "string"
    },
    "token_type": {
      "type": "string"
    },
    "session_state": {
      "type": "string"
    },
    "expires_in": {
      "type": "integer"
    }
  },
  "required": [
    "access_token",
    "expires_in",
    "refresh_expires_in",
    "refresh_token",
    "token_type",
    "not-before-policy",
    "session_state",
    "scope"
  ]
}

[main] INFO com.shaft.tools.io.ReportManagerHelper - [ReportManager] Successfully created attachment "Validation Test Data - Actual JSON Value" @12-10-2022 16:11:02.0811 PM
[main] INFO com.shaft.tools.io.ReportManagerHelper - [ReportManager] Debugging Attachment Entry @12-10-2022 16:11:02.0811 PM
{
  "access_token": "eyJhbGciOiJSUzI1NiIsInR5cCIgOiAiSldUIiwia2lkIiA6ICJjck9ORDFNdFVPVWhzS2Mtb0ppVFFmb0o1d1l4REF6Y3k0ZjNYZ0dveGdZIn0.eyJleHAiOjE2NjU1ODQxNjEsImlhdCI6MTY2NTU4Mzg2MSwianRpIjoiYzYwYTE4MWMtZGM2Yi00NDY2LWFkZTktYjZiODAxNGU4ZTg2IiwiaXNzIjoiaHR0cHM6Ly9hdXRoLWRlbW8ubnAudHJhbnNwb3J0aWNvbmxpbmUuY29tL2F1dGgvcmVhbG1zL3RpYyIsImF1ZCI6ImFjY291bnQiLCJzdWIiOiI0ZTk3NmQ0NC1iM2ZkLTRjYTktODk1Ny0wYWJiODUwNzNhNzQiLCJ0eXAiOiJCZWFyZXIiLCJhenAiOiJ0aWMtYXBpIiwic2Vzc2lvbl9zdGF0ZSI6ImY1MzFkZThmLTdhYTgtNDMwZS04N2RjLTYxZjMzOWNiYWE1YSIsImFjciI6IjEiLCJhbGxvd2VkLW9yaWdpbnMiOlsiaHR0cHM6Ly9hcGktZGV2Lm5wLnRyYW5zcG9ydGljb25saW5lLmNvbSJdLCJyZWFsbV9hY2Nlc3MiOnsicm9sZXMiOlsib2ZmbGluZV9hY2Nlc3MiLCJkZWZhdWx0LXJvbGVzLXRpYyIsInVtYV9hdXRob3JpemF0aW9uIiwidXNlciJdfSwicmVzb3VyY2VfYWNjZXNzIjp7ImFjY291bnQiOnsicm9sZXMiOlsibWFuYWdlLWFjY291bnQiLCJtYW5hZ2UtYWNjb3VudC1saW5rcyIsInZpZXctcHJvZmlsZSJdfX0sInNjb3BlIjoiZW1haWwgcHJvZmlsZSIsInNpZCI6ImY1MzFkZThmLTdhYTgtNDMwZS04N2RjLTYxZjMzOWNiYWE1YSIsImVtYWlsX3ZlcmlmaWVkIjpmYWxzZSwicHJlZmVycmVkX3VzZXJuYW1lIjoidG9raGkiLCJ0Y0lkIjoiMzE5OTU3In0.AXTE4IRn3Q83qizAy5xs1qYT9bZXl28yy57WNJeylnptQYkji5RGEolbzCjXAjLEtyniTJ5id-610-T15I-dKRx1ZJkU96yrFysAlk9qlIpy4eM0nct9TA65WH93J3IEVrQf2k9jG9U2P1cY3SoUWXbYSZmopAo29Vc8x4Y9nbX14Dek1OjVRJR36sRYxCxnHxi6Je2ZSXDQmTdmSfSVATmkINM96v1dUf8OLfzjVB7gfw_xjtRGIl4PpbiTFpvCxq_siCatEY89bmEu_sWpsjyGqz9pqEaij9WUH00KFSTIqCKGaZV6eJL6mbM4mjc7mtfJBOy8Ika7pzRzbSWl-Q",
  "refresh_token": "eyJhbGciOiJIUzI1NiIsInR5cCIgOiAiSldUIiwia2lkIiA6ICJkMTFjNTY4Yi1iMjAyLTQzYjgtYTBiMy1hYWI4ZWMyYWQzZDEifQ.eyJleHAiOjE2NjU1ODU2NjEsImlhdCI6MTY2NTU4Mzg2MSwianRpIjoiODU5M2FiMTYtMDhiOC00YWU0LTgwNjgtOTUzYThkZmE0ODJhIiwiaXNzIjoiaHR0cHM6Ly9hdXRoLWRlbW8ubnAudHJhbnNwb3J0aWNvbmxpbmUuY29tL2F1dGgvcmVhbG1zL3RpYyIsImF1ZCI6Imh0dHBzOi8vYXV0aC1kZW1vLm5wLnRyYW5zcG9ydGljb25saW5lLmNvbS9hdXRoL3JlYWxtcy90aWMiLCJzdWIiOiI0ZTk3NmQ0NC1iM2ZkLTRjYTktODk1Ny0wYWJiODUwNzNhNzQiLCJ0eXAiOiJSZWZyZXNoIiwiYXpwIjoidGljLWFwaSIsInNlc3Npb25fc3RhdGUiOiJmNTMxZGU4Zi03YWE4LTQzMGUtODdkYy02MWYzMzljYmFhNWEiLCJzY29wZSI6ImVtYWlsIHByb2ZpbGUiLCJzaWQiOiJmNTMxZGU4Zi03YWE4LTQzMGUtODdkYy02MWYzMzljYmFhNWEifQ.C9hGYaLf7ipvVl6YFuRRyYAmB1vEd5uwIICyhv6S4Ho",
  "refresh_expires_in": 1800,
  "not-before-policy": 0,
  "scope": "email profile",
  "token_type": "Bearer",
  "session_state": "f531de8f-7aa8-430e-87dc-61f339cbaa5a",
  "expires_in": 300
}

[main] INFO com.shaft.tools.io.ReportManagerHelper - [ReportManager] Successfully created attachment "SHAFT Engine Logs - Current Method log: Valid_Token_RQ_TC" @12-10-2022 16:11:02.0876 PM
[main] INFO com.shaft.tools.io.ReportManagerHelper - [ReportManager] Setting discrete logging to: "false" @12-10-2022 16:11:02.0877 PM
]]></system-err>
  </testcase>
</testsuite>